<?xml version="1.0" encoding="UTF-8"?>
<!-- Generated by org.testng.reporters.JUnitXMLReporter -->
<testsuite ignored="0" hostname="MININT-1GJHRA7" failures="1" tests="23" name="Test" time="419.778" errors="0" timestamp="01 Jan 2018 22:06:47 GMT">
  <testcase classname="testCases.TC_Jobs_List_SortFunctionality" name="@BeforeMethod beforeMethod" time="18.768">
    <failure type="org.openqa.selenium.NoSuchElementException" message="Unable to locate element: /html/body/table/tbody/tr/td/table[2]/tbody/tr/td/table/tbody/tr/td/form/table/tbody/tr[2]/td/div/table/tbody/tr[7]/td/font
For documentation on this error, please visit: http://seleniumhq.org/exceptions/no_such_element.html
Build info: version: &amp;apos;3.7.1&amp;apos;, revision: &amp;apos;8a0099a&amp;apos;, time: &amp;apos;2017-11-06T21:07:31.527Z&amp;apos;
System info: host: &amp;apos;MININT-1GJHRA7&amp;apos;, ip: &amp;apos;192.168.0.14&amp;apos;, os.name: &amp;apos;Windows 7&amp;apos;, os.arch: &amp;apos;amd64&amp;apos;, os.version: &amp;apos;6.1&amp;apos;, java.version: &amp;apos;9.0.1&amp;apos;
Driver info: org.openqa.selenium.firefox.FirefoxDriver
Capabilities {acceptInsecureCerts: true, browserName: firefox, browserVersion: 54.0, javascriptEnabled: true, moz:accessibilityChecks: false, moz:processID: 11240, moz:profile: C:\Users\nx35wg\AppData\Loc..., pageLoadStrategy: normal, platform: XP, platformName: XP, platformVersion: 6.1, rotatable: false, specificationLevel: 0, timeouts: {implicit: 0, pageLoad: 300000, script: 30000}}
Session ID: 86b57bde-90b9-4334-9a49-6393a3f661ec
*** Element info: {Using=xpath, value=/html/body/table/tbody/tr/td/table[2]/tbody/tr/td/table/tbody/tr/td/form/table/tbody/tr[2]/td/div/table/tbody/tr[7]/td/font}">
      <![CDATA[org.openqa.selenium.NoSuchElementException: Unable to locate element: /html/body/table/tbody/tr/td/table[2]/tbody/tr/td/table/tbody/tr/td/form/table/tbody/tr[2]/td/div/table/tbody/tr[7]/td/fontFor documentation on this error, please visit: http://seleniumhq.org/exceptions/no_such_element.htmlBuild info: version: '3.7.1', revision: '8a0099a', time: '2017-11-06T21:07:31.527Z'System info: host: 'MININT-1GJHRA7', ip: '192.168.0.14', os.name: 'Windows 7', os.arch: 'amd64', os.version: '6.1', java.version: '9.0.1'Driver info: org.openqa.selenium.firefox.FirefoxDriverCapabilities {acceptInsecureCerts: true, browserName: firefox, browserVersion: 54.0, javascriptEnabled: true, moz:accessibilityChecks: false, moz:processID: 11240, moz:profile: C:\Users\nx35wg\AppData\Loc..., pageLoadStrategy: normal, platform: XP, platformName: XP, platformVersion: 6.1, rotatable: false, specificationLevel: 0, timeouts: {implicit: 0, pageLoad: 300000, script: 30000}}Session ID: 86b57bde-90b9-4334-9a49-6393a3f661ec*** Element info: {Using=xpath, value=/html/body/table/tbody/tr/td/table[2]/tbody/tr/td/table/tbody/tr/td/form/table/tbody/tr[2]/td/div/table/tbody/tr[7]/td/font}at org.openqa.selenium.remote.http.W3CHttpResponseCodec.createException(W3CHttpResponseCodec.java:187)at org.openqa.selenium.remote.http.W3CHttpResponseCodec.decode(W3CHttpResponseCodec.java:122)at org.openqa.selenium.remote.http.W3CHttpResponseCodec.decode(W3CHttpResponseCodec.java:49)at org.openqa.selenium.remote.HttpCommandExecutor.execute(HttpCommandExecutor.java:164)at org.openqa.selenium.remote.service.DriverCommandExecutor.execute(DriverCommandExecutor.java:83)at org.openqa.selenium.remote.RemoteWebDriver.execute(RemoteWebDriver.java:600)at org.openqa.selenium.remote.RemoteWebDriver.findElement(RemoteWebDriver.java:370)at org.openqa.selenium.remote.RemoteWebDriver.findElementByXPath(RemoteWebDriver.java:472)at org.openqa.selenium.By$ByXPath.findElement(By.java:361)at org.openqa.selenium.remote.RemoteWebDriver.findElement(RemoteWebDriver.java:362)at pageObjects.LogInPage.validationmsg(LogInPage.java:34)at appModules.LogIn_Action.Execute(LogIn_Action.java:34)at testCases.TC_Jobs_List_SortFunctionality.beforeMethod(TC_Jobs_List_SortFunctionality.java:56)... Removed 32 stack frames]]>
    </failure>
  </testcase> <!-- @BeforeMethod beforeMethod -->
  <testcase classname="testCases.TC_Jobs_List_SortFunctionality" name="@AfterMethod afterMethod" time="0.0">
    <skipped/>
  </testcase> <!-- @AfterMethod afterMethod -->
  <testcase classname="testCases.TC_Nurse_Handover_AdvSearch" name="@BeforeMethod beforeMethod" time="17.18">
    <failure type="org.openqa.selenium.NoSuchElementException" message="Unable to locate element: /html/body/table/tbody/tr/td/table[2]/tbody/tr/td/table/tbody/tr/td/form/table/tbody/tr[2]/td/div/table/tbody/tr[7]/td/font
For documentation on this error, please visit: http://seleniumhq.org/exceptions/no_such_element.html
Build info: version: &amp;apos;3.7.1&amp;apos;, revision: &amp;apos;8a0099a&amp;apos;, time: &amp;apos;2017-11-06T21:07:31.527Z&amp;apos;
System info: host: &amp;apos;MININT-1GJHRA7&amp;apos;, ip: &amp;apos;192.168.0.14&amp;apos;, os.name: &amp;apos;Windows 7&amp;apos;, os.arch: &amp;apos;amd64&amp;apos;, os.version: &amp;apos;6.1&amp;apos;, java.version: &amp;apos;9.0.1&amp;apos;
Driver info: org.openqa.selenium.firefox.FirefoxDriver
Capabilities {acceptInsecureCerts: true, browserName: firefox, browserVersion: 54.0, javascriptEnabled: true, moz:accessibilityChecks: false, moz:processID: 9436, moz:profile: C:\Users\nx35wg\AppData\Loc..., pageLoadStrategy: normal, platform: XP, platformName: XP, platformVersion: 6.1, rotatable: false, specificationLevel: 0, timeouts: {implicit: 0, pageLoad: 300000, script: 30000}}
Session ID: b2e2f82c-3d0f-4724-a7db-a6570033972a
*** Element info: {Using=xpath, value=/html/body/table/tbody/tr/td/table[2]/tbody/tr/td/table/tbody/tr/td/form/table/tbody/tr[2]/td/div/table/tbody/tr[7]/td/font}">
      <![CDATA[org.openqa.selenium.NoSuchElementException: Unable to locate element: /html/body/table/tbody/tr/td/table[2]/tbody/tr/td/table/tbody/tr/td/form/table/tbody/tr[2]/td/div/table/tbody/tr[7]/td/fontFor documentation on this error, please visit: http://seleniumhq.org/exceptions/no_such_element.htmlBuild info: version: '3.7.1', revision: '8a0099a', time: '2017-11-06T21:07:31.527Z'System info: host: 'MININT-1GJHRA7', ip: '192.168.0.14', os.name: 'Windows 7', os.arch: 'amd64', os.version: '6.1', java.version: '9.0.1'Driver info: org.openqa.selenium.firefox.FirefoxDriverCapabilities {acceptInsecureCerts: true, browserName: firefox, browserVersion: 54.0, javascriptEnabled: true, moz:accessibilityChecks: false, moz:processID: 9436, moz:profile: C:\Users\nx35wg\AppData\Loc..., pageLoadStrategy: normal, platform: XP, platformName: XP, platformVersion: 6.1, rotatable: false, specificationLevel: 0, timeouts: {implicit: 0, pageLoad: 300000, script: 30000}}Session ID: b2e2f82c-3d0f-4724-a7db-a6570033972a*** Element info: {Using=xpath, value=/html/body/table/tbody/tr/td/table[2]/tbody/tr/td/table/tbody/tr/td/form/table/tbody/tr[2]/td/div/table/tbody/tr[7]/td/font}at org.openqa.selenium.remote.http.W3CHttpResponseCodec.createException(W3CHttpResponseCodec.java:187)at org.openqa.selenium.remote.http.W3CHttpResponseCodec.decode(W3CHttpResponseCodec.java:122)at org.openqa.selenium.remote.http.W3CHttpResponseCodec.decode(W3CHttpResponseCodec.java:49)at org.openqa.selenium.remote.HttpCommandExecutor.execute(HttpCommandExecutor.java:164)at org.openqa.selenium.remote.service.DriverCommandExecutor.execute(DriverCommandExecutor.java:83)at org.openqa.selenium.remote.RemoteWebDriver.execute(RemoteWebDriver.java:600)at org.openqa.selenium.remote.RemoteWebDriver.findElement(RemoteWebDriver.java:370)at org.openqa.selenium.remote.RemoteWebDriver.findElementByXPath(RemoteWebDriver.java:472)at org.openqa.selenium.By$ByXPath.findElement(By.java:361)at org.openqa.selenium.remote.RemoteWebDriver.findElement(RemoteWebDriver.java:362)at pageObjects.LogInPage.validationmsg(LogInPage.java:34)at appModules.LogIn_Action.Execute(LogIn_Action.java:34)at testCases.TC_Nurse_Handover_AdvSearch.beforeMethod(TC_Nurse_Handover_AdvSearch.java:92)... Removed 32 stack frames]]>
    </failure>
  </testcase> <!-- @BeforeMethod beforeMethod -->
  <testcase classname="testCases.TC_Nurse_Handover_AdvSearch" name="@AfterMethod afterMethod" time="0.0">
    <skipped/>
  </testcase> <!-- @AfterMethod afterMethod -->
  <testcase classname="testCases.TC_Jobs_List_RecordPerPage" name="@BeforeMethod beforeMethod" time="19.656">
    <failure type="org.openqa.selenium.NoSuchElementException" message="Unable to locate element: /html/body/table/tbody/tr/td/table[2]/tbody/tr/td/table/tbody/tr/td/form/table/tbody/tr[2]/td/div/table/tbody/tr[7]/td/font
For documentation on this error, please visit: http://seleniumhq.org/exceptions/no_such_element.html
Build info: version: &amp;apos;3.7.1&amp;apos;, revision: &amp;apos;8a0099a&amp;apos;, time: &amp;apos;2017-11-06T21:07:31.527Z&amp;apos;
System info: host: &amp;apos;MININT-1GJHRA7&amp;apos;, ip: &amp;apos;192.168.0.14&amp;apos;, os.name: &amp;apos;Windows 7&amp;apos;, os.arch: &amp;apos;amd64&amp;apos;, os.version: &amp;apos;6.1&amp;apos;, java.version: &amp;apos;9.0.1&amp;apos;
Driver info: org.openqa.selenium.firefox.FirefoxDriver
Capabilities {acceptInsecureCerts: true, browserName: firefox, browserVersion: 54.0, javascriptEnabled: true, moz:accessibilityChecks: false, moz:processID: 12112, moz:profile: C:\Users\nx35wg\AppData\Loc..., pageLoadStrategy: normal, platform: XP, platformName: XP, platformVersion: 6.1, rotatable: false, specificationLevel: 0, timeouts: {implicit: 0, pageLoad: 300000, script: 30000}}
Session ID: a2163d32-8ec7-4203-be73-68c923c7f204
*** Element info: {Using=xpath, value=/html/body/table/tbody/tr/td/table[2]/tbody/tr/td/table/tbody/tr/td/form/table/tbody/tr[2]/td/div/table/tbody/tr[7]/td/font}">
      <![CDATA[org.openqa.selenium.NoSuchElementException: Unable to locate element: /html/body/table/tbody/tr/td/table[2]/tbody/tr/td/table/tbody/tr/td/form/table/tbody/tr[2]/td/div/table/tbody/tr[7]/td/fontFor documentation on this error, please visit: http://seleniumhq.org/exceptions/no_such_element.htmlBuild info: version: '3.7.1', revision: '8a0099a', time: '2017-11-06T21:07:31.527Z'System info: host: 'MININT-1GJHRA7', ip: '192.168.0.14', os.name: 'Windows 7', os.arch: 'amd64', os.version: '6.1', java.version: '9.0.1'Driver info: org.openqa.selenium.firefox.FirefoxDriverCapabilities {acceptInsecureCerts: true, browserName: firefox, browserVersion: 54.0, javascriptEnabled: true, moz:accessibilityChecks: false, moz:processID: 12112, moz:profile: C:\Users\nx35wg\AppData\Loc..., pageLoadStrategy: normal, platform: XP, platformName: XP, platformVersion: 6.1, rotatable: false, specificationLevel: 0, timeouts: {implicit: 0, pageLoad: 300000, script: 30000}}Session ID: a2163d32-8ec7-4203-be73-68c923c7f204*** Element info: {Using=xpath, value=/html/body/table/tbody/tr/td/table[2]/tbody/tr/td/table/tbody/tr/td/form/table/tbody/tr[2]/td/div/table/tbody/tr[7]/td/font}at org.openqa.selenium.remote.http.W3CHttpResponseCodec.createException(W3CHttpResponseCodec.java:187)at org.openqa.selenium.remote.http.W3CHttpResponseCodec.decode(W3CHttpResponseCodec.java:122)at org.openqa.selenium.remote.http.W3CHttpResponseCodec.decode(W3CHttpResponseCodec.java:49)at org.openqa.selenium.remote.HttpCommandExecutor.execute(HttpCommandExecutor.java:164)at org.openqa.selenium.remote.service.DriverCommandExecutor.execute(DriverCommandExecutor.java:83)at org.openqa.selenium.remote.RemoteWebDriver.execute(RemoteWebDriver.java:600)at org.openqa.selenium.remote.RemoteWebDriver.findElement(RemoteWebDriver.java:370)at org.openqa.selenium.remote.RemoteWebDriver.findElementByXPath(RemoteWebDriver.java:472)at org.openqa.selenium.By$ByXPath.findElement(By.java:361)at org.openqa.selenium.remote.RemoteWebDriver.findElement(RemoteWebDriver.java:362)at pageObjects.LogInPage.validationmsg(LogInPage.java:34)at appModules.LogIn_Action.Execute(LogIn_Action.java:34)at testCases.TC_Jobs_List_RecordPerPage.beforeMethod(TC_Jobs_List_RecordPerPage.java:54)... Removed 32 stack frames]]>
    </failure>
  </testcase> <!-- @BeforeMethod beforeMethod -->
  <testcase classname="testCases.TC_Jobs_List_RecordPerPage" name="@AfterMethod afterMethod" time="0.0">
    <skipped/>
  </testcase> <!-- @AfterMethod afterMethod -->
  <testcase classname="testCases.TC_Jobs_List_Edit_Back_Change" name="@BeforeMethod beforeMethod" time="17.348">
    <failure type="org.openqa.selenium.NoSuchElementException" message="Unable to locate element: /html/body/table/tbody/tr/td/table[2]/tbody/tr/td/table/tbody/tr/td/form/table/tbody/tr[2]/td/div/table/tbody/tr[7]/td/font
For documentation on this error, please visit: http://seleniumhq.org/exceptions/no_such_element.html
Build info: version: &amp;apos;3.7.1&amp;apos;, revision: &amp;apos;8a0099a&amp;apos;, time: &amp;apos;2017-11-06T21:07:31.527Z&amp;apos;
System info: host: &amp;apos;MININT-1GJHRA7&amp;apos;, ip: &amp;apos;192.168.0.14&amp;apos;, os.name: &amp;apos;Windows 7&amp;apos;, os.arch: &amp;apos;amd64&amp;apos;, os.version: &amp;apos;6.1&amp;apos;, java.version: &amp;apos;9.0.1&amp;apos;
Driver info: org.openqa.selenium.firefox.FirefoxDriver
Capabilities {acceptInsecureCerts: true, browserName: firefox, browserVersion: 54.0, javascriptEnabled: true, moz:accessibilityChecks: false, moz:processID: 6976, moz:profile: C:\Users\nx35wg\AppData\Loc..., pageLoadStrategy: normal, platform: XP, platformName: XP, platformVersion: 6.1, rotatable: false, specificationLevel: 0, timeouts: {implicit: 0, pageLoad: 300000, script: 30000}}
Session ID: 3a6984b1-1197-4d83-aad4-63c268035c97
*** Element info: {Using=xpath, value=/html/body/table/tbody/tr/td/table[2]/tbody/tr/td/table/tbody/tr/td/form/table/tbody/tr[2]/td/div/table/tbody/tr[7]/td/font}">
      <![CDATA[org.openqa.selenium.NoSuchElementException: Unable to locate element: /html/body/table/tbody/tr/td/table[2]/tbody/tr/td/table/tbody/tr/td/form/table/tbody/tr[2]/td/div/table/tbody/tr[7]/td/fontFor documentation on this error, please visit: http://seleniumhq.org/exceptions/no_such_element.htmlBuild info: version: '3.7.1', revision: '8a0099a', time: '2017-11-06T21:07:31.527Z'System info: host: 'MININT-1GJHRA7', ip: '192.168.0.14', os.name: 'Windows 7', os.arch: 'amd64', os.version: '6.1', java.version: '9.0.1'Driver info: org.openqa.selenium.firefox.FirefoxDriverCapabilities {acceptInsecureCerts: true, browserName: firefox, browserVersion: 54.0, javascriptEnabled: true, moz:accessibilityChecks: false, moz:processID: 6976, moz:profile: C:\Users\nx35wg\AppData\Loc..., pageLoadStrategy: normal, platform: XP, platformName: XP, platformVersion: 6.1, rotatable: false, specificationLevel: 0, timeouts: {implicit: 0, pageLoad: 300000, script: 30000}}Session ID: 3a6984b1-1197-4d83-aad4-63c268035c97*** Element info: {Using=xpath, value=/html/body/table/tbody/tr/td/table[2]/tbody/tr/td/table/tbody/tr/td/form/table/tbody/tr[2]/td/div/table/tbody/tr[7]/td/font}at org.openqa.selenium.remote.http.W3CHttpResponseCodec.createException(W3CHttpResponseCodec.java:187)at org.openqa.selenium.remote.http.W3CHttpResponseCodec.decode(W3CHttpResponseCodec.java:122)at org.openqa.selenium.remote.http.W3CHttpResponseCodec.decode(W3CHttpResponseCodec.java:49)at org.openqa.selenium.remote.HttpCommandExecutor.execute(HttpCommandExecutor.java:164)at org.openqa.selenium.remote.service.DriverCommandExecutor.execute(DriverCommandExecutor.java:83)at org.openqa.selenium.remote.RemoteWebDriver.execute(RemoteWebDriver.java:600)at org.openqa.selenium.remote.RemoteWebDriver.findElement(RemoteWebDriver.java:370)at org.openqa.selenium.remote.RemoteWebDriver.findElementByXPath(RemoteWebDriver.java:472)at org.openqa.selenium.By$ByXPath.findElement(By.java:361)at org.openqa.selenium.remote.RemoteWebDriver.findElement(RemoteWebDriver.java:362)at pageObjects.LogInPage.validationmsg(LogInPage.java:34)at appModules.LogIn_Action.Execute(LogIn_Action.java:34)at testCases.TC_Jobs_List_Edit_Back_Change.beforeMethod(TC_Jobs_List_Edit_Back_Change.java:65)... Removed 32 stack frames]]>
    </failure>
  </testcase> <!-- @BeforeMethod beforeMethod -->
  <testcase classname="testCases.TC_Jobs_List_Edit_Back_Change" name="@AfterMethod afterMethod" time="0.0">
    <skipped/>
  </testcase> <!-- @AfterMethod afterMethod -->
  <testcase classname="testCases.TC_Jobs_List_Print" name="@BeforeMethod beforeMethod" time="17.43">
    <failure type="org.openqa.selenium.NoSuchElementException" message="Unable to locate element: /html/body/table/tbody/tr/td/table[2]/tbody/tr/td/table/tbody/tr/td/form/table/tbody/tr[2]/td/div/table/tbody/tr[7]/td/font
For documentation on this error, please visit: http://seleniumhq.org/exceptions/no_such_element.html
Build info: version: &amp;apos;3.7.1&amp;apos;, revision: &amp;apos;8a0099a&amp;apos;, time: &amp;apos;2017-11-06T21:07:31.527Z&amp;apos;
System info: host: &amp;apos;MININT-1GJHRA7&amp;apos;, ip: &amp;apos;192.168.0.14&amp;apos;, os.name: &amp;apos;Windows 7&amp;apos;, os.arch: &amp;apos;amd64&amp;apos;, os.version: &amp;apos;6.1&amp;apos;, java.version: &amp;apos;9.0.1&amp;apos;
Driver info: org.openqa.selenium.firefox.FirefoxDriver
Capabilities {acceptInsecureCerts: true, browserName: firefox, browserVersion: 54.0, javascriptEnabled: true, moz:accessibilityChecks: false, moz:processID: 13140, moz:profile: C:\Users\nx35wg\AppData\Loc..., pageLoadStrategy: normal, platform: XP, platformName: XP, platformVersion: 6.1, rotatable: false, specificationLevel: 0, timeouts: {implicit: 0, pageLoad: 300000, script: 30000}}
Session ID: 3729a0a3-be52-4320-87d1-afc25be01ccf
*** Element info: {Using=xpath, value=/html/body/table/tbody/tr/td/table[2]/tbody/tr/td/table/tbody/tr/td/form/table/tbody/tr[2]/td/div/table/tbody/tr[7]/td/font}">
      <![CDATA[org.openqa.selenium.NoSuchElementException: Unable to locate element: /html/body/table/tbody/tr/td/table[2]/tbody/tr/td/table/tbody/tr/td/form/table/tbody/tr[2]/td/div/table/tbody/tr[7]/td/fontFor documentation on this error, please visit: http://seleniumhq.org/exceptions/no_such_element.htmlBuild info: version: '3.7.1', revision: '8a0099a', time: '2017-11-06T21:07:31.527Z'System info: host: 'MININT-1GJHRA7', ip: '192.168.0.14', os.name: 'Windows 7', os.arch: 'amd64', os.version: '6.1', java.version: '9.0.1'Driver info: org.openqa.selenium.firefox.FirefoxDriverCapabilities {acceptInsecureCerts: true, browserName: firefox, browserVersion: 54.0, javascriptEnabled: true, moz:accessibilityChecks: false, moz:processID: 13140, moz:profile: C:\Users\nx35wg\AppData\Loc..., pageLoadStrategy: normal, platform: XP, platformName: XP, platformVersion: 6.1, rotatable: false, specificationLevel: 0, timeouts: {implicit: 0, pageLoad: 300000, script: 30000}}Session ID: 3729a0a3-be52-4320-87d1-afc25be01ccf*** Element info: {Using=xpath, value=/html/body/table/tbody/tr/td/table[2]/tbody/tr/td/table/tbody/tr/td/form/table/tbody/tr[2]/td/div/table/tbody/tr[7]/td/font}at org.openqa.selenium.remote.http.W3CHttpResponseCodec.createException(W3CHttpResponseCodec.java:187)at org.openqa.selenium.remote.http.W3CHttpResponseCodec.decode(W3CHttpResponseCodec.java:122)at org.openqa.selenium.remote.http.W3CHttpResponseCodec.decode(W3CHttpResponseCodec.java:49)at org.openqa.selenium.remote.HttpCommandExecutor.execute(HttpCommandExecutor.java:164)at org.openqa.selenium.remote.service.DriverCommandExecutor.execute(DriverCommandExecutor.java:83)at org.openqa.selenium.remote.RemoteWebDriver.execute(RemoteWebDriver.java:600)at org.openqa.selenium.remote.RemoteWebDriver.findElement(RemoteWebDriver.java:370)at org.openqa.selenium.remote.RemoteWebDriver.findElementByXPath(RemoteWebDriver.java:472)at org.openqa.selenium.By$ByXPath.findElement(By.java:361)at org.openqa.selenium.remote.RemoteWebDriver.findElement(RemoteWebDriver.java:362)at pageObjects.LogInPage.validationmsg(LogInPage.java:34)at appModules.LogIn_Action.Execute(LogIn_Action.java:34)at testCases.TC_Jobs_List_Print.beforeMethod(TC_Jobs_List_Print.java:50)... Removed 32 stack frames]]>
    </failure>
  </testcase> <!-- @BeforeMethod beforeMethod -->
  <testcase classname="testCases.TC_Jobs_List_Print" name="@AfterMethod afterMethod" time="0.0">
    <skipped/>
  </testcase> <!-- @AfterMethod afterMethod -->
  <testcase classname="testCases.TC_Jobs_List_View_Back" name="@BeforeMethod beforeMethod" time="17.003">
    <failure type="org.openqa.selenium.NoSuchElementException" message="Unable to locate element: /html/body/table/tbody/tr/td/table[2]/tbody/tr/td/table/tbody/tr/td/form/table/tbody/tr[2]/td/div/table/tbody/tr[7]/td/font
For documentation on this error, please visit: http://seleniumhq.org/exceptions/no_such_element.html
Build info: version: &amp;apos;3.7.1&amp;apos;, revision: &amp;apos;8a0099a&amp;apos;, time: &amp;apos;2017-11-06T21:07:31.527Z&amp;apos;
System info: host: &amp;apos;MININT-1GJHRA7&amp;apos;, ip: &amp;apos;192.168.0.14&amp;apos;, os.name: &amp;apos;Windows 7&amp;apos;, os.arch: &amp;apos;amd64&amp;apos;, os.version: &amp;apos;6.1&amp;apos;, java.version: &amp;apos;9.0.1&amp;apos;
Driver info: org.openqa.selenium.firefox.FirefoxDriver
Capabilities {acceptInsecureCerts: true, browserName: firefox, browserVersion: 54.0, javascriptEnabled: true, moz:accessibilityChecks: false, moz:processID: 12780, moz:profile: C:\Users\nx35wg\AppData\Loc..., pageLoadStrategy: normal, platform: XP, platformName: XP, platformVersion: 6.1, rotatable: false, specificationLevel: 0, timeouts: {implicit: 0, pageLoad: 300000, script: 30000}}
Session ID: 8805af2f-bc2b-4d5a-a01a-f486db6f2e11
*** Element info: {Using=xpath, value=/html/body/table/tbody/tr/td/table[2]/tbody/tr/td/table/tbody/tr/td/form/table/tbody/tr[2]/td/div/table/tbody/tr[7]/td/font}">
      <![CDATA[org.openqa.selenium.NoSuchElementException: Unable to locate element: /html/body/table/tbody/tr/td/table[2]/tbody/tr/td/table/tbody/tr/td/form/table/tbody/tr[2]/td/div/table/tbody/tr[7]/td/fontFor documentation on this error, please visit: http://seleniumhq.org/exceptions/no_such_element.htmlBuild info: version: '3.7.1', revision: '8a0099a', time: '2017-11-06T21:07:31.527Z'System info: host: 'MININT-1GJHRA7', ip: '192.168.0.14', os.name: 'Windows 7', os.arch: 'amd64', os.version: '6.1', java.version: '9.0.1'Driver info: org.openqa.selenium.firefox.FirefoxDriverCapabilities {acceptInsecureCerts: true, browserName: firefox, browserVersion: 54.0, javascriptEnabled: true, moz:accessibilityChecks: false, moz:processID: 12780, moz:profile: C:\Users\nx35wg\AppData\Loc..., pageLoadStrategy: normal, platform: XP, platformName: XP, platformVersion: 6.1, rotatable: false, specificationLevel: 0, timeouts: {implicit: 0, pageLoad: 300000, script: 30000}}Session ID: 8805af2f-bc2b-4d5a-a01a-f486db6f2e11*** Element info: {Using=xpath, value=/html/body/table/tbody/tr/td/table[2]/tbody/tr/td/table/tbody/tr/td/form/table/tbody/tr[2]/td/div/table/tbody/tr[7]/td/font}at org.openqa.selenium.remote.http.W3CHttpResponseCodec.createException(W3CHttpResponseCodec.java:187)at org.openqa.selenium.remote.http.W3CHttpResponseCodec.decode(W3CHttpResponseCodec.java:122)at org.openqa.selenium.remote.http.W3CHttpResponseCodec.decode(W3CHttpResponseCodec.java:49)at org.openqa.selenium.remote.HttpCommandExecutor.execute(HttpCommandExecutor.java:164)at org.openqa.selenium.remote.service.DriverCommandExecutor.execute(DriverCommandExecutor.java:83)at org.openqa.selenium.remote.RemoteWebDriver.execute(RemoteWebDriver.java:600)at org.openqa.selenium.remote.RemoteWebDriver.findElement(RemoteWebDriver.java:370)at org.openqa.selenium.remote.RemoteWebDriver.findElementByXPath(RemoteWebDriver.java:472)at org.openqa.selenium.By$ByXPath.findElement(By.java:361)at org.openqa.selenium.remote.RemoteWebDriver.findElement(RemoteWebDriver.java:362)at pageObjects.LogInPage.validationmsg(LogInPage.java:34)at appModules.LogIn_Action.Execute(LogIn_Action.java:34)at testCases.TC_Jobs_List_View_Back.beforeMethod(TC_Jobs_List_View_Back.java:50)... Removed 32 stack frames]]>
    </failure>
  </testcase> <!-- @BeforeMethod beforeMethod -->
  <testcase classname="testCases.TC_Jobs_List_View_Back" name="@AfterMethod afterMethod" time="0.0">
    <skipped/>
  </testcase> <!-- @AfterMethod afterMethod -->
  <testcase classname="testCases.TC_Jobs_List_Select_Unselect" name="@BeforeMethod beforeMethod" time="16.8">
    <failure type="org.openqa.selenium.NoSuchElementException" message="Unable to locate element: /html/body/table/tbody/tr/td/table[2]/tbody/tr/td/table/tbody/tr/td/form/table/tbody/tr[2]/td/div/table/tbody/tr[7]/td/font
For documentation on this error, please visit: http://seleniumhq.org/exceptions/no_such_element.html
Build info: version: &amp;apos;3.7.1&amp;apos;, revision: &amp;apos;8a0099a&amp;apos;, time: &amp;apos;2017-11-06T21:07:31.527Z&amp;apos;
System info: host: &amp;apos;MININT-1GJHRA7&amp;apos;, ip: &amp;apos;192.168.0.14&amp;apos;, os.name: &amp;apos;Windows 7&amp;apos;, os.arch: &amp;apos;amd64&amp;apos;, os.version: &amp;apos;6.1&amp;apos;, java.version: &amp;apos;9.0.1&amp;apos;
Driver info: org.openqa.selenium.firefox.FirefoxDriver
Capabilities {acceptInsecureCerts: true, browserName: firefox, browserVersion: 54.0, javascriptEnabled: true, moz:accessibilityChecks: false, moz:processID: 13816, moz:profile: C:\Users\nx35wg\AppData\Loc..., pageLoadStrategy: normal, platform: XP, platformName: XP, platformVersion: 6.1, rotatable: false, specificationLevel: 0, timeouts: {implicit: 0, pageLoad: 300000, script: 30000}}
Session ID: 63b78a11-c447-468a-9f46-ea50d8df7598
*** Element info: {Using=xpath, value=/html/body/table/tbody/tr/td/table[2]/tbody/tr/td/table/tbody/tr/td/form/table/tbody/tr[2]/td/div/table/tbody/tr[7]/td/font}">
      <![CDATA[org.openqa.selenium.NoSuchElementException: Unable to locate element: /html/body/table/tbody/tr/td/table[2]/tbody/tr/td/table/tbody/tr/td/form/table/tbody/tr[2]/td/div/table/tbody/tr[7]/td/fontFor documentation on this error, please visit: http://seleniumhq.org/exceptions/no_such_element.htmlBuild info: version: '3.7.1', revision: '8a0099a', time: '2017-11-06T21:07:31.527Z'System info: host: 'MININT-1GJHRA7', ip: '192.168.0.14', os.name: 'Windows 7', os.arch: 'amd64', os.version: '6.1', java.version: '9.0.1'Driver info: org.openqa.selenium.firefox.FirefoxDriverCapabilities {acceptInsecureCerts: true, browserName: firefox, browserVersion: 54.0, javascriptEnabled: true, moz:accessibilityChecks: false, moz:processID: 13816, moz:profile: C:\Users\nx35wg\AppData\Loc..., pageLoadStrategy: normal, platform: XP, platformName: XP, platformVersion: 6.1, rotatable: false, specificationLevel: 0, timeouts: {implicit: 0, pageLoad: 300000, script: 30000}}Session ID: 63b78a11-c447-468a-9f46-ea50d8df7598*** Element info: {Using=xpath, value=/html/body/table/tbody/tr/td/table[2]/tbody/tr/td/table/tbody/tr/td/form/table/tbody/tr[2]/td/div/table/tbody/tr[7]/td/font}at org.openqa.selenium.remote.http.W3CHttpResponseCodec.createException(W3CHttpResponseCodec.java:187)at org.openqa.selenium.remote.http.W3CHttpResponseCodec.decode(W3CHttpResponseCodec.java:122)at org.openqa.selenium.remote.http.W3CHttpResponseCodec.decode(W3CHttpResponseCodec.java:49)at org.openqa.selenium.remote.HttpCommandExecutor.execute(HttpCommandExecutor.java:164)at org.openqa.selenium.remote.service.DriverCommandExecutor.execute(DriverCommandExecutor.java:83)at org.openqa.selenium.remote.RemoteWebDriver.execute(RemoteWebDriver.java:600)at org.openqa.selenium.remote.RemoteWebDriver.findElement(RemoteWebDriver.java:370)at org.openqa.selenium.remote.RemoteWebDriver.findElementByXPath(RemoteWebDriver.java:472)at org.openqa.selenium.By$ByXPath.findElement(By.java:361)at org.openqa.selenium.remote.RemoteWebDriver.findElement(RemoteWebDriver.java:362)at pageObjects.LogInPage.validationmsg(LogInPage.java:34)at appModules.LogIn_Action.Execute(LogIn_Action.java:34)at testCases.TC_Jobs_List_Select_Unselect.beforeMethod(TC_Jobs_List_Select_Unselect.java:54)... Removed 32 stack frames]]>
    </failure>
  </testcase> <!-- @BeforeMethod beforeMethod -->
  <testcase classname="testCases.TC_Jobs_List_Select_Unselect" name="@AfterMethod afterMethod" time="0.0">
    <skipped/>
  </testcase> <!-- @AfterMethod afterMethod -->
  <testcase classname="testCases.TC_Nurse_Handover_SortFunctionality" name="@BeforeMethod beforeMethod" time="17.843">
    <failure type="org.openqa.selenium.NoSuchElementException" message="Unable to locate element: /html/body/table/tbody/tr/td/table[2]/tbody/tr/td/table/tbody/tr/td/form/table/tbody/tr[2]/td/div/table/tbody/tr[7]/td/font
For documentation on this error, please visit: http://seleniumhq.org/exceptions/no_such_element.html
Build info: version: &amp;apos;3.7.1&amp;apos;, revision: &amp;apos;8a0099a&amp;apos;, time: &amp;apos;2017-11-06T21:07:31.527Z&amp;apos;
System info: host: &amp;apos;MININT-1GJHRA7&amp;apos;, ip: &amp;apos;192.168.0.14&amp;apos;, os.name: &amp;apos;Windows 7&amp;apos;, os.arch: &amp;apos;amd64&amp;apos;, os.version: &amp;apos;6.1&amp;apos;, java.version: &amp;apos;9.0.1&amp;apos;
Driver info: org.openqa.selenium.firefox.FirefoxDriver
Capabilities {acceptInsecureCerts: true, browserName: firefox, browserVersion: 54.0, javascriptEnabled: true, moz:accessibilityChecks: false, moz:processID: 14304, moz:profile: C:\Users\nx35wg\AppData\Loc..., pageLoadStrategy: normal, platform: XP, platformName: XP, platformVersion: 6.1, rotatable: false, specificationLevel: 0, timeouts: {implicit: 0, pageLoad: 300000, script: 30000}}
Session ID: b196d9d2-5d04-45f5-9779-753f66214aee
*** Element info: {Using=xpath, value=/html/body/table/tbody/tr/td/table[2]/tbody/tr/td/table/tbody/tr/td/form/table/tbody/tr[2]/td/div/table/tbody/tr[7]/td/font}">
      <![CDATA[org.openqa.selenium.NoSuchElementException: Unable to locate element: /html/body/table/tbody/tr/td/table[2]/tbody/tr/td/table/tbody/tr/td/form/table/tbody/tr[2]/td/div/table/tbody/tr[7]/td/fontFor documentation on this error, please visit: http://seleniumhq.org/exceptions/no_such_element.htmlBuild info: version: '3.7.1', revision: '8a0099a', time: '2017-11-06T21:07:31.527Z'System info: host: 'MININT-1GJHRA7', ip: '192.168.0.14', os.name: 'Windows 7', os.arch: 'amd64', os.version: '6.1', java.version: '9.0.1'Driver info: org.openqa.selenium.firefox.FirefoxDriverCapabilities {acceptInsecureCerts: true, browserName: firefox, browserVersion: 54.0, javascriptEnabled: true, moz:accessibilityChecks: false, moz:processID: 14304, moz:profile: C:\Users\nx35wg\AppData\Loc..., pageLoadStrategy: normal, platform: XP, platformName: XP, platformVersion: 6.1, rotatable: false, specificationLevel: 0, timeouts: {implicit: 0, pageLoad: 300000, script: 30000}}Session ID: b196d9d2-5d04-45f5-9779-753f66214aee*** Element info: {Using=xpath, value=/html/body/table/tbody/tr/td/table[2]/tbody/tr/td/table/tbody/tr/td/form/table/tbody/tr[2]/td/div/table/tbody/tr[7]/td/font}at org.openqa.selenium.remote.http.W3CHttpResponseCodec.createException(W3CHttpResponseCodec.java:187)at org.openqa.selenium.remote.http.W3CHttpResponseCodec.decode(W3CHttpResponseCodec.java:122)at org.openqa.selenium.remote.http.W3CHttpResponseCodec.decode(W3CHttpResponseCodec.java:49)at org.openqa.selenium.remote.HttpCommandExecutor.execute(HttpCommandExecutor.java:164)at org.openqa.selenium.remote.service.DriverCommandExecutor.execute(DriverCommandExecutor.java:83)at org.openqa.selenium.remote.RemoteWebDriver.execute(RemoteWebDriver.java:600)at org.openqa.selenium.remote.RemoteWebDriver.findElement(RemoteWebDriver.java:370)at org.openqa.selenium.remote.RemoteWebDriver.findElementByXPath(RemoteWebDriver.java:472)at org.openqa.selenium.By$ByXPath.findElement(By.java:361)at org.openqa.selenium.remote.RemoteWebDriver.findElement(RemoteWebDriver.java:362)at pageObjects.LogInPage.validationmsg(LogInPage.java:34)at appModules.LogIn_Action.Execute(LogIn_Action.java:34)at testCases.TC_Nurse_Handover_SortFunctionality.beforeMethod(TC_Nurse_Handover_SortFunctionality.java:60)... Removed 32 stack frames]]>
    </failure>
  </testcase> <!-- @BeforeMethod beforeMethod -->
  <testcase classname="testCases.TC_Nurse_Handover_SortFunctionality" name="@AfterMethod afterMethod" time="0.0">
    <skipped/>
  </testcase> <!-- @AfterMethod afterMethod -->
  <testcase classname="testCases.TC_Nurse_Handover_RecordPerPage" name="@BeforeMethod beforeMethod" time="17.723">
    <failure type="org.openqa.selenium.NoSuchElementException" message="Unable to locate element: /html/body/table/tbody/tr/td/table[2]/tbody/tr/td/table/tbody/tr/td/form/table/tbody/tr[2]/td/div/table/tbody/tr[7]/td/font
For documentation on this error, please visit: http://seleniumhq.org/exceptions/no_such_element.html
Build info: version: &amp;apos;3.7.1&amp;apos;, revision: &amp;apos;8a0099a&amp;apos;, time: &amp;apos;2017-11-06T21:07:31.527Z&amp;apos;
System info: host: &amp;apos;MININT-1GJHRA7&amp;apos;, ip: &amp;apos;192.168.0.14&amp;apos;, os.name: &amp;apos;Windows 7&amp;apos;, os.arch: &amp;apos;amd64&amp;apos;, os.version: &amp;apos;6.1&amp;apos;, java.version: &amp;apos;9.0.1&amp;apos;
Driver info: org.openqa.selenium.firefox.FirefoxDriver
Capabilities {acceptInsecureCerts: true, browserName: firefox, browserVersion: 54.0, javascriptEnabled: true, moz:accessibilityChecks: false, moz:processID: 14564, moz:profile: C:\Users\nx35wg\AppData\Loc..., pageLoadStrategy: normal, platform: XP, platformName: XP, platformVersion: 6.1, rotatable: false, specificationLevel: 0, timeouts: {implicit: 0, pageLoad: 300000, script: 30000}}
Session ID: db75f7ad-2cf5-4cb7-8940-274e6250a633
*** Element info: {Using=xpath, value=/html/body/table/tbody/tr/td/table[2]/tbody/tr/td/table/tbody/tr/td/form/table/tbody/tr[2]/td/div/table/tbody/tr[7]/td/font}">
      <![CDATA[org.openqa.selenium.NoSuchElementException: Unable to locate element: /html/body/table/tbody/tr/td/table[2]/tbody/tr/td/table/tbody/tr/td/form/table/tbody/tr[2]/td/div/table/tbody/tr[7]/td/fontFor documentation on this error, please visit: http://seleniumhq.org/exceptions/no_such_element.htmlBuild info: version: '3.7.1', revision: '8a0099a', time: '2017-11-06T21:07:31.527Z'System info: host: 'MININT-1GJHRA7', ip: '192.168.0.14', os.name: 'Windows 7', os.arch: 'amd64', os.version: '6.1', java.version: '9.0.1'Driver info: org.openqa.selenium.firefox.FirefoxDriverCapabilities {acceptInsecureCerts: true, browserName: firefox, browserVersion: 54.0, javascriptEnabled: true, moz:accessibilityChecks: false, moz:processID: 14564, moz:profile: C:\Users\nx35wg\AppData\Loc..., pageLoadStrategy: normal, platform: XP, platformName: XP, platformVersion: 6.1, rotatable: false, specificationLevel: 0, timeouts: {implicit: 0, pageLoad: 300000, script: 30000}}Session ID: db75f7ad-2cf5-4cb7-8940-274e6250a633*** Element info: {Using=xpath, value=/html/body/table/tbody/tr/td/table[2]/tbody/tr/td/table/tbody/tr/td/form/table/tbody/tr[2]/td/div/table/tbody/tr[7]/td/font}at org.openqa.selenium.remote.http.W3CHttpResponseCodec.createException(W3CHttpResponseCodec.java:187)at org.openqa.selenium.remote.http.W3CHttpResponseCodec.decode(W3CHttpResponseCodec.java:122)at org.openqa.selenium.remote.http.W3CHttpResponseCodec.decode(W3CHttpResponseCodec.java:49)at org.openqa.selenium.remote.HttpCommandExecutor.execute(HttpCommandExecutor.java:164)at org.openqa.selenium.remote.service.DriverCommandExecutor.execute(DriverCommandExecutor.java:83)at org.openqa.selenium.remote.RemoteWebDriver.execute(RemoteWebDriver.java:600)at org.openqa.selenium.remote.RemoteWebDriver.findElement(RemoteWebDriver.java:370)at org.openqa.selenium.remote.RemoteWebDriver.findElementByXPath(RemoteWebDriver.java:472)at org.openqa.selenium.By$ByXPath.findElement(By.java:361)at org.openqa.selenium.remote.RemoteWebDriver.findElement(RemoteWebDriver.java:362)at pageObjects.LogInPage.validationmsg(LogInPage.java:34)at appModules.LogIn_Action.Execute(LogIn_Action.java:34)at testCases.TC_Nurse_Handover_RecordPerPage.beforeMethod(TC_Nurse_Handover_RecordPerPage.java:40)... Removed 32 stack frames]]>
    </failure>
  </testcase> <!-- @BeforeMethod beforeMethod -->
  <testcase classname="testCases.TC_Nurse_Handover_RecordPerPage" name="@AfterMethod afterMethod" time="0.0">
    <skipped/>
  </testcase> <!-- @AfterMethod afterMethod -->
  <testcase classname="testCases.TC_Nurse_Handover_AddNew_Back" name="@BeforeMethod beforeMethod" time="17.546">
    <failure type="org.openqa.selenium.NoSuchElementException" message="Unable to locate element: /html/body/table/tbody/tr/td/table[2]/tbody/tr/td/table/tbody/tr/td/form/table/tbody/tr[2]/td/div/table/tbody/tr[7]/td/font
For documentation on this error, please visit: http://seleniumhq.org/exceptions/no_such_element.html
Build info: version: &amp;apos;3.7.1&amp;apos;, revision: &amp;apos;8a0099a&amp;apos;, time: &amp;apos;2017-11-06T21:07:31.527Z&amp;apos;
System info: host: &amp;apos;MININT-1GJHRA7&amp;apos;, ip: &amp;apos;192.168.0.14&amp;apos;, os.name: &amp;apos;Windows 7&amp;apos;, os.arch: &amp;apos;amd64&amp;apos;, os.version: &amp;apos;6.1&amp;apos;, java.version: &amp;apos;9.0.1&amp;apos;
Driver info: org.openqa.selenium.firefox.FirefoxDriver
Capabilities {acceptInsecureCerts: true, browserName: firefox, browserVersion: 54.0, javascriptEnabled: true, moz:accessibilityChecks: false, moz:processID: 14712, moz:profile: C:\Users\nx35wg\AppData\Loc..., pageLoadStrategy: normal, platform: XP, platformName: XP, platformVersion: 6.1, rotatable: false, specificationLevel: 0, timeouts: {implicit: 0, pageLoad: 300000, script: 30000}}
Session ID: 023797d3-6a97-4f64-8168-29324b118d0f
*** Element info: {Using=xpath, value=/html/body/table/tbody/tr/td/table[2]/tbody/tr/td/table/tbody/tr/td/form/table/tbody/tr[2]/td/div/table/tbody/tr[7]/td/font}">
      <![CDATA[org.openqa.selenium.NoSuchElementException: Unable to locate element: /html/body/table/tbody/tr/td/table[2]/tbody/tr/td/table/tbody/tr/td/form/table/tbody/tr[2]/td/div/table/tbody/tr[7]/td/fontFor documentation on this error, please visit: http://seleniumhq.org/exceptions/no_such_element.htmlBuild info: version: '3.7.1', revision: '8a0099a', time: '2017-11-06T21:07:31.527Z'System info: host: 'MININT-1GJHRA7', ip: '192.168.0.14', os.name: 'Windows 7', os.arch: 'amd64', os.version: '6.1', java.version: '9.0.1'Driver info: org.openqa.selenium.firefox.FirefoxDriverCapabilities {acceptInsecureCerts: true, browserName: firefox, browserVersion: 54.0, javascriptEnabled: true, moz:accessibilityChecks: false, moz:processID: 14712, moz:profile: C:\Users\nx35wg\AppData\Loc..., pageLoadStrategy: normal, platform: XP, platformName: XP, platformVersion: 6.1, rotatable: false, specificationLevel: 0, timeouts: {implicit: 0, pageLoad: 300000, script: 30000}}Session ID: 023797d3-6a97-4f64-8168-29324b118d0f*** Element info: {Using=xpath, value=/html/body/table/tbody/tr/td/table[2]/tbody/tr/td/table/tbody/tr/td/form/table/tbody/tr[2]/td/div/table/tbody/tr[7]/td/font}at org.openqa.selenium.remote.http.W3CHttpResponseCodec.createException(W3CHttpResponseCodec.java:187)at org.openqa.selenium.remote.http.W3CHttpResponseCodec.decode(W3CHttpResponseCodec.java:122)at org.openqa.selenium.remote.http.W3CHttpResponseCodec.decode(W3CHttpResponseCodec.java:49)at org.openqa.selenium.remote.HttpCommandExecutor.execute(HttpCommandExecutor.java:164)at org.openqa.selenium.remote.service.DriverCommandExecutor.execute(DriverCommandExecutor.java:83)at org.openqa.selenium.remote.RemoteWebDriver.execute(RemoteWebDriver.java:600)at org.openqa.selenium.remote.RemoteWebDriver.findElement(RemoteWebDriver.java:370)at org.openqa.selenium.remote.RemoteWebDriver.findElementByXPath(RemoteWebDriver.java:472)at org.openqa.selenium.By$ByXPath.findElement(By.java:361)at org.openqa.selenium.remote.RemoteWebDriver.findElement(RemoteWebDriver.java:362)at pageObjects.LogInPage.validationmsg(LogInPage.java:34)at appModules.LogIn_Action.Execute(LogIn_Action.java:34)at testCases.TC_Nurse_Handover_AddNew_Back.beforeMethod(TC_Nurse_Handover_AddNew_Back.java:41)... Removed 32 stack frames]]>
    </failure>
  </testcase> <!-- @BeforeMethod beforeMethod -->
  <testcase classname="testCases.TC_Nurse_Handover_AddNew_Back" name="@AfterMethod afterMethod" time="0.0">
    <skipped/>
  </testcase> <!-- @AfterMethod afterMethod -->
  <testcase classname="testCases.TC_Jobs_List_AddNewRecord" name="@BeforeMethod beforeMethod" time="17.096">
    <failure type="org.openqa.selenium.NoSuchElementException" message="Unable to locate element: /html/body/table/tbody/tr/td/table[2]/tbody/tr/td/table/tbody/tr/td/form/table/tbody/tr[2]/td/div/table/tbody/tr[7]/td/font
For documentation on this error, please visit: http://seleniumhq.org/exceptions/no_such_element.html
Build info: version: &amp;apos;3.7.1&amp;apos;, revision: &amp;apos;8a0099a&amp;apos;, time: &amp;apos;2017-11-06T21:07:31.527Z&amp;apos;
System info: host: &amp;apos;MININT-1GJHRA7&amp;apos;, ip: &amp;apos;192.168.0.14&amp;apos;, os.name: &amp;apos;Windows 7&amp;apos;, os.arch: &amp;apos;amd64&amp;apos;, os.version: &amp;apos;6.1&amp;apos;, java.version: &amp;apos;9.0.1&amp;apos;
Driver info: org.openqa.selenium.firefox.FirefoxDriver
Capabilities {acceptInsecureCerts: true, browserName: firefox, browserVersion: 54.0, javascriptEnabled: true, moz:accessibilityChecks: false, moz:processID: 10404, moz:profile: C:\Users\nx35wg\AppData\Loc..., pageLoadStrategy: normal, platform: XP, platformName: XP, platformVersion: 6.1, rotatable: false, specificationLevel: 0, timeouts: {implicit: 0, pageLoad: 300000, script: 30000}}
Session ID: 87e80465-7954-47ef-8f85-c7a5cbe5bb9a
*** Element info: {Using=xpath, value=/html/body/table/tbody/tr/td/table[2]/tbody/tr/td/table/tbody/tr/td/form/table/tbody/tr[2]/td/div/table/tbody/tr[7]/td/font}">
      <![CDATA[org.openqa.selenium.NoSuchElementException: Unable to locate element: /html/body/table/tbody/tr/td/table[2]/tbody/tr/td/table/tbody/tr/td/form/table/tbody/tr[2]/td/div/table/tbody/tr[7]/td/fontFor documentation on this error, please visit: http://seleniumhq.org/exceptions/no_such_element.htmlBuild info: version: '3.7.1', revision: '8a0099a', time: '2017-11-06T21:07:31.527Z'System info: host: 'MININT-1GJHRA7', ip: '192.168.0.14', os.name: 'Windows 7', os.arch: 'amd64', os.version: '6.1', java.version: '9.0.1'Driver info: org.openqa.selenium.firefox.FirefoxDriverCapabilities {acceptInsecureCerts: true, browserName: firefox, browserVersion: 54.0, javascriptEnabled: true, moz:accessibilityChecks: false, moz:processID: 10404, moz:profile: C:\Users\nx35wg\AppData\Loc..., pageLoadStrategy: normal, platform: XP, platformName: XP, platformVersion: 6.1, rotatable: false, specificationLevel: 0, timeouts: {implicit: 0, pageLoad: 300000, script: 30000}}Session ID: 87e80465-7954-47ef-8f85-c7a5cbe5bb9a*** Element info: {Using=xpath, value=/html/body/table/tbody/tr/td/table[2]/tbody/tr/td/table/tbody/tr/td/form/table/tbody/tr[2]/td/div/table/tbody/tr[7]/td/font}at org.openqa.selenium.remote.http.W3CHttpResponseCodec.createException(W3CHttpResponseCodec.java:187)at org.openqa.selenium.remote.http.W3CHttpResponseCodec.decode(W3CHttpResponseCodec.java:122)at org.openqa.selenium.remote.http.W3CHttpResponseCodec.decode(W3CHttpResponseCodec.java:49)at org.openqa.selenium.remote.HttpCommandExecutor.execute(HttpCommandExecutor.java:164)at org.openqa.selenium.remote.service.DriverCommandExecutor.execute(DriverCommandExecutor.java:83)at org.openqa.selenium.remote.RemoteWebDriver.execute(RemoteWebDriver.java:600)at org.openqa.selenium.remote.RemoteWebDriver.findElement(RemoteWebDriver.java:370)at org.openqa.selenium.remote.RemoteWebDriver.findElementByXPath(RemoteWebDriver.java:472)at org.openqa.selenium.By$ByXPath.findElement(By.java:361)at org.openqa.selenium.remote.RemoteWebDriver.findElement(RemoteWebDriver.java:362)at pageObjects.LogInPage.validationmsg(LogInPage.java:34)at appModules.LogIn_Action.Execute(LogIn_Action.java:34)at testCases.TC_Jobs_List_AddNewRecord.beforeMethod(TC_Jobs_List_AddNewRecord.java:67)... Removed 32 stack frames]]>
    </failure>
  </testcase> <!-- @BeforeMethod beforeMethod -->
  <testcase classname="testCases.TC_Jobs_List_AddNewRecord" name="@AfterMethod afterMethod" time="0.0">
    <skipped/>
  </testcase> <!-- @AfterMethod afterMethod -->
  <testcase classname="testCases.TC_Doctor_Handover_AdvSearch" name="@BeforeMethod beforeMethod" time="17.515">
    <failure type="org.openqa.selenium.NoSuchElementException" message="Unable to locate element: /html/body/table/tbody/tr/td/table[2]/tbody/tr/td/table/tbody/tr/td/form/table/tbody/tr[2]/td/div/table/tbody/tr[7]/td/font
For documentation on this error, please visit: http://seleniumhq.org/exceptions/no_such_element.html
Build info: version: &amp;apos;3.7.1&amp;apos;, revision: &amp;apos;8a0099a&amp;apos;, time: &amp;apos;2017-11-06T21:07:31.527Z&amp;apos;
System info: host: &amp;apos;MININT-1GJHRA7&amp;apos;, ip: &amp;apos;192.168.0.14&amp;apos;, os.name: &amp;apos;Windows 7&amp;apos;, os.arch: &amp;apos;amd64&amp;apos;, os.version: &amp;apos;6.1&amp;apos;, java.version: &amp;apos;9.0.1&amp;apos;
Driver info: org.openqa.selenium.firefox.FirefoxDriver
Capabilities {acceptInsecureCerts: true, browserName: firefox, browserVersion: 54.0, javascriptEnabled: true, moz:accessibilityChecks: false, moz:processID: 15560, moz:profile: C:\Users\nx35wg\AppData\Loc..., pageLoadStrategy: normal, platform: XP, platformName: XP, platformVersion: 6.1, rotatable: false, specificationLevel: 0, timeouts: {implicit: 0, pageLoad: 300000, script: 30000}}
Session ID: 15f90c7a-1aae-4217-84a9-706625924f58
*** Element info: {Using=xpath, value=/html/body/table/tbody/tr/td/table[2]/tbody/tr/td/table/tbody/tr/td/form/table/tbody/tr[2]/td/div/table/tbody/tr[7]/td/font}">
      <![CDATA[org.openqa.selenium.NoSuchElementException: Unable to locate element: /html/body/table/tbody/tr/td/table[2]/tbody/tr/td/table/tbody/tr/td/form/table/tbody/tr[2]/td/div/table/tbody/tr[7]/td/fontFor documentation on this error, please visit: http://seleniumhq.org/exceptions/no_such_element.htmlBuild info: version: '3.7.1', revision: '8a0099a', time: '2017-11-06T21:07:31.527Z'System info: host: 'MININT-1GJHRA7', ip: '192.168.0.14', os.name: 'Windows 7', os.arch: 'amd64', os.version: '6.1', java.version: '9.0.1'Driver info: org.openqa.selenium.firefox.FirefoxDriverCapabilities {acceptInsecureCerts: true, browserName: firefox, browserVersion: 54.0, javascriptEnabled: true, moz:accessibilityChecks: false, moz:processID: 15560, moz:profile: C:\Users\nx35wg\AppData\Loc..., pageLoadStrategy: normal, platform: XP, platformName: XP, platformVersion: 6.1, rotatable: false, specificationLevel: 0, timeouts: {implicit: 0, pageLoad: 300000, script: 30000}}Session ID: 15f90c7a-1aae-4217-84a9-706625924f58*** Element info: {Using=xpath, value=/html/body/table/tbody/tr/td/table[2]/tbody/tr/td/table/tbody/tr/td/form/table/tbody/tr[2]/td/div/table/tbody/tr[7]/td/font}at org.openqa.selenium.remote.http.W3CHttpResponseCodec.createException(W3CHttpResponseCodec.java:187)at org.openqa.selenium.remote.http.W3CHttpResponseCodec.decode(W3CHttpResponseCodec.java:122)at org.openqa.selenium.remote.http.W3CHttpResponseCodec.decode(W3CHttpResponseCodec.java:49)at org.openqa.selenium.remote.HttpCommandExecutor.execute(HttpCommandExecutor.java:164)at org.openqa.selenium.remote.service.DriverCommandExecutor.execute(DriverCommandExecutor.java:83)at org.openqa.selenium.remote.RemoteWebDriver.execute(RemoteWebDriver.java:600)at org.openqa.selenium.remote.RemoteWebDriver.findElement(RemoteWebDriver.java:370)at org.openqa.selenium.remote.RemoteWebDriver.findElementByXPath(RemoteWebDriver.java:472)at org.openqa.selenium.By$ByXPath.findElement(By.java:361)at org.openqa.selenium.remote.RemoteWebDriver.findElement(RemoteWebDriver.java:362)at pageObjects.LogInPage.validationmsg(LogInPage.java:34)at appModules.LogIn_Action.Execute(LogIn_Action.java:34)at testCases.TC_Doctor_Handover_AdvSearch.beforeMethod(TC_Doctor_Handover_AdvSearch.java:120)... Removed 32 stack frames]]>
    </failure>
  </testcase> <!-- @BeforeMethod beforeMethod -->
  <testcase classname="testCases.TC_Doctor_Handover_AdvSearch" name="@AfterMethod afterMethod" time="0.0">
    <skipped/>
  </testcase> <!-- @AfterMethod afterMethod -->
  <testcase classname="testCases.TC_Nurse_Handover_View_Back" name="@BeforeMethod beforeMethod" time="16.806">
    <failure type="org.openqa.selenium.NoSuchElementException" message="Unable to locate element: /html/body/table/tbody/tr/td/table[2]/tbody/tr/td/table/tbody/tr/td/form/table/tbody/tr[2]/td/div/table/tbody/tr[7]/td/font
For documentation on this error, please visit: http://seleniumhq.org/exceptions/no_such_element.html
Build info: version: &amp;apos;3.7.1&amp;apos;, revision: &amp;apos;8a0099a&amp;apos;, time: &amp;apos;2017-11-06T21:07:31.527Z&amp;apos;
System info: host: &amp;apos;MININT-1GJHRA7&amp;apos;, ip: &amp;apos;192.168.0.14&amp;apos;, os.name: &amp;apos;Windows 7&amp;apos;, os.arch: &amp;apos;amd64&amp;apos;, os.version: &amp;apos;6.1&amp;apos;, java.version: &amp;apos;9.0.1&amp;apos;
Driver info: org.openqa.selenium.firefox.FirefoxDriver
Capabilities {acceptInsecureCerts: true, browserName: firefox, browserVersion: 54.0, javascriptEnabled: true, moz:accessibilityChecks: false, moz:processID: 12980, moz:profile: C:\Users\nx35wg\AppData\Loc..., pageLoadStrategy: normal, platform: XP, platformName: XP, platformVersion: 6.1, rotatable: false, specificationLevel: 0, timeouts: {implicit: 0, pageLoad: 300000, script: 30000}}
Session ID: ae9ce5de-5a4b-4f2b-a83c-84f724d86f46
*** Element info: {Using=xpath, value=/html/body/table/tbody/tr/td/table[2]/tbody/tr/td/table/tbody/tr/td/form/table/tbody/tr[2]/td/div/table/tbody/tr[7]/td/font}">
      <![CDATA[org.openqa.selenium.NoSuchElementException: Unable to locate element: /html/body/table/tbody/tr/td/table[2]/tbody/tr/td/table/tbody/tr/td/form/table/tbody/tr[2]/td/div/table/tbody/tr[7]/td/fontFor documentation on this error, please visit: http://seleniumhq.org/exceptions/no_such_element.htmlBuild info: version: '3.7.1', revision: '8a0099a', time: '2017-11-06T21:07:31.527Z'System info: host: 'MININT-1GJHRA7', ip: '192.168.0.14', os.name: 'Windows 7', os.arch: 'amd64', os.version: '6.1', java.version: '9.0.1'Driver info: org.openqa.selenium.firefox.FirefoxDriverCapabilities {acceptInsecureCerts: true, browserName: firefox, browserVersion: 54.0, javascriptEnabled: true, moz:accessibilityChecks: false, moz:processID: 12980, moz:profile: C:\Users\nx35wg\AppData\Loc..., pageLoadStrategy: normal, platform: XP, platformName: XP, platformVersion: 6.1, rotatable: false, specificationLevel: 0, timeouts: {implicit: 0, pageLoad: 300000, script: 30000}}Session ID: ae9ce5de-5a4b-4f2b-a83c-84f724d86f46*** Element info: {Using=xpath, value=/html/body/table/tbody/tr/td/table[2]/tbody/tr/td/table/tbody/tr/td/form/table/tbody/tr[2]/td/div/table/tbody/tr[7]/td/font}at org.openqa.selenium.remote.http.W3CHttpResponseCodec.createException(W3CHttpResponseCodec.java:187)at org.openqa.selenium.remote.http.W3CHttpResponseCodec.decode(W3CHttpResponseCodec.java:122)at org.openqa.selenium.remote.http.W3CHttpResponseCodec.decode(W3CHttpResponseCodec.java:49)at org.openqa.selenium.remote.HttpCommandExecutor.execute(HttpCommandExecutor.java:164)at org.openqa.selenium.remote.service.DriverCommandExecutor.execute(DriverCommandExecutor.java:83)at org.openqa.selenium.remote.RemoteWebDriver.execute(RemoteWebDriver.java:600)at org.openqa.selenium.remote.RemoteWebDriver.findElement(RemoteWebDriver.java:370)at org.openqa.selenium.remote.RemoteWebDriver.findElementByXPath(RemoteWebDriver.java:472)at org.openqa.selenium.By$ByXPath.findElement(By.java:361)at org.openqa.selenium.remote.RemoteWebDriver.findElement(RemoteWebDriver.java:362)at pageObjects.LogInPage.validationmsg(LogInPage.java:34)at appModules.LogIn_Action.Execute(LogIn_Action.java:34)at testCases.TC_Nurse_Handover_View_Back.beforeMethod(TC_Nurse_Handover_View_Back.java:50)... Removed 32 stack frames]]>
    </failure>
  </testcase> <!-- @BeforeMethod beforeMethod -->
  <testcase classname="testCases.TC_Nurse_Handover_View_Back" name="@AfterMethod afterMethod" time="0.0">
    <skipped/>
  </testcase> <!-- @AfterMethod afterMethod -->
  <testcase classname="testCases.TC_Nurse_Handover_Print" name="@BeforeMethod beforeMethod" time="16.346">
    <failure type="org.openqa.selenium.NoSuchElementException" message="Unable to locate element: /html/body/table/tbody/tr/td/table[2]/tbody/tr/td/table/tbody/tr/td/form/table/tbody/tr[2]/td/div/table/tbody/tr[7]/td/font
For documentation on this error, please visit: http://seleniumhq.org/exceptions/no_such_element.html
Build info: version: &amp;apos;3.7.1&amp;apos;, revision: &amp;apos;8a0099a&amp;apos;, time: &amp;apos;2017-11-06T21:07:31.527Z&amp;apos;
System info: host: &amp;apos;MININT-1GJHRA7&amp;apos;, ip: &amp;apos;192.168.0.14&amp;apos;, os.name: &amp;apos;Windows 7&amp;apos;, os.arch: &amp;apos;amd64&amp;apos;, os.version: &amp;apos;6.1&amp;apos;, java.version: &amp;apos;9.0.1&amp;apos;
Driver info: org.openqa.selenium.firefox.FirefoxDriver
Capabilities {acceptInsecureCerts: true, browserName: firefox, browserVersion: 54.0, javascriptEnabled: true, moz:accessibilityChecks: false, moz:processID: 16848, moz:profile: C:\Users\nx35wg\AppData\Loc..., pageLoadStrategy: normal, platform: XP, platformName: XP, platformVersion: 6.1, rotatable: false, specificationLevel: 0, timeouts: {implicit: 0, pageLoad: 300000, script: 30000}}
Session ID: f1244363-cb3e-436e-a1a6-1d4b7af4f4e1
*** Element info: {Using=xpath, value=/html/body/table/tbody/tr/td/table[2]/tbody/tr/td/table/tbody/tr/td/form/table/tbody/tr[2]/td/div/table/tbody/tr[7]/td/font}">
      <![CDATA[org.openqa.selenium.NoSuchElementException: Unable to locate element: /html/body/table/tbody/tr/td/table[2]/tbody/tr/td/table/tbody/tr/td/form/table/tbody/tr[2]/td/div/table/tbody/tr[7]/td/fontFor documentation on this error, please visit: http://seleniumhq.org/exceptions/no_such_element.htmlBuild info: version: '3.7.1', revision: '8a0099a', time: '2017-11-06T21:07:31.527Z'System info: host: 'MININT-1GJHRA7', ip: '192.168.0.14', os.name: 'Windows 7', os.arch: 'amd64', os.version: '6.1', java.version: '9.0.1'Driver info: org.openqa.selenium.firefox.FirefoxDriverCapabilities {acceptInsecureCerts: true, browserName: firefox, browserVersion: 54.0, javascriptEnabled: true, moz:accessibilityChecks: false, moz:processID: 16848, moz:profile: C:\Users\nx35wg\AppData\Loc..., pageLoadStrategy: normal, platform: XP, platformName: XP, platformVersion: 6.1, rotatable: false, specificationLevel: 0, timeouts: {implicit: 0, pageLoad: 300000, script: 30000}}Session ID: f1244363-cb3e-436e-a1a6-1d4b7af4f4e1*** Element info: {Using=xpath, value=/html/body/table/tbody/tr/td/table[2]/tbody/tr/td/table/tbody/tr/td/form/table/tbody/tr[2]/td/div/table/tbody/tr[7]/td/font}at org.openqa.selenium.remote.http.W3CHttpResponseCodec.createException(W3CHttpResponseCodec.java:187)at org.openqa.selenium.remote.http.W3CHttpResponseCodec.decode(W3CHttpResponseCodec.java:122)at org.openqa.selenium.remote.http.W3CHttpResponseCodec.decode(W3CHttpResponseCodec.java:49)at org.openqa.selenium.remote.HttpCommandExecutor.execute(HttpCommandExecutor.java:164)at org.openqa.selenium.remote.service.DriverCommandExecutor.execute(DriverCommandExecutor.java:83)at org.openqa.selenium.remote.RemoteWebDriver.execute(RemoteWebDriver.java:600)at org.openqa.selenium.remote.RemoteWebDriver.findElement(RemoteWebDriver.java:370)at org.openqa.selenium.remote.RemoteWebDriver.findElementByXPath(RemoteWebDriver.java:472)at org.openqa.selenium.By$ByXPath.findElement(By.java:361)at org.openqa.selenium.remote.RemoteWebDriver.findElement(RemoteWebDriver.java:362)at pageObjects.LogInPage.validationmsg(LogInPage.java:34)at appModules.LogIn_Action.Execute(LogIn_Action.java:34)at testCases.TC_Nurse_Handover_Print.beforeMethod(TC_Nurse_Handover_Print.java:52)... Removed 32 stack frames]]>
    </failure>
  </testcase> <!-- @BeforeMethod beforeMethod -->
  <testcase classname="testCases.TC_Nurse_Handover_Print" name="@AfterMethod afterMethod" time="0.0">
    <skipped/>
  </testcase> <!-- @AfterMethod afterMethod -->
  <testcase classname="testCases.TC_Ward_RoundSheet_AdvSearch" name="@BeforeMethod beforeMethod" time="18.847">
    <failure type="org.openqa.selenium.NoSuchElementException" message="Unable to locate element: /html/body/table/tbody/tr/td/table[2]/tbody/tr/td/table/tbody/tr/td/form/table/tbody/tr[2]/td/div/table/tbody/tr[7]/td/font
For documentation on this error, please visit: http://seleniumhq.org/exceptions/no_such_element.html
Build info: version: &amp;apos;3.7.1&amp;apos;, revision: &amp;apos;8a0099a&amp;apos;, time: &amp;apos;2017-11-06T21:07:31.527Z&amp;apos;
System info: host: &amp;apos;MININT-1GJHRA7&amp;apos;, ip: &amp;apos;192.168.0.14&amp;apos;, os.name: &amp;apos;Windows 7&amp;apos;, os.arch: &amp;apos;amd64&amp;apos;, os.version: &amp;apos;6.1&amp;apos;, java.version: &amp;apos;9.0.1&amp;apos;
Driver info: org.openqa.selenium.firefox.FirefoxDriver
Capabilities {acceptInsecureCerts: true, browserName: firefox, browserVersion: 54.0, javascriptEnabled: true, moz:accessibilityChecks: false, moz:processID: 16496, moz:profile: C:\Users\nx35wg\AppData\Loc..., pageLoadStrategy: normal, platform: XP, platformName: XP, platformVersion: 6.1, rotatable: false, specificationLevel: 0, timeouts: {implicit: 0, pageLoad: 300000, script: 30000}}
Session ID: d7bfd12c-0e78-44bf-b40c-959c6e7b6926
*** Element info: {Using=xpath, value=/html/body/table/tbody/tr/td/table[2]/tbody/tr/td/table/tbody/tr/td/form/table/tbody/tr[2]/td/div/table/tbody/tr[7]/td/font}">
      <![CDATA[org.openqa.selenium.NoSuchElementException: Unable to locate element: /html/body/table/tbody/tr/td/table[2]/tbody/tr/td/table/tbody/tr/td/form/table/tbody/tr[2]/td/div/table/tbody/tr[7]/td/fontFor documentation on this error, please visit: http://seleniumhq.org/exceptions/no_such_element.htmlBuild info: version: '3.7.1', revision: '8a0099a', time: '2017-11-06T21:07:31.527Z'System info: host: 'MININT-1GJHRA7', ip: '192.168.0.14', os.name: 'Windows 7', os.arch: 'amd64', os.version: '6.1', java.version: '9.0.1'Driver info: org.openqa.selenium.firefox.FirefoxDriverCapabilities {acceptInsecureCerts: true, browserName: firefox, browserVersion: 54.0, javascriptEnabled: true, moz:accessibilityChecks: false, moz:processID: 16496, moz:profile: C:\Users\nx35wg\AppData\Loc..., pageLoadStrategy: normal, platform: XP, platformName: XP, platformVersion: 6.1, rotatable: false, specificationLevel: 0, timeouts: {implicit: 0, pageLoad: 300000, script: 30000}}Session ID: d7bfd12c-0e78-44bf-b40c-959c6e7b6926*** Element info: {Using=xpath, value=/html/body/table/tbody/tr/td/table[2]/tbody/tr/td/table/tbody/tr/td/form/table/tbody/tr[2]/td/div/table/tbody/tr[7]/td/font}at org.openqa.selenium.remote.http.W3CHttpResponseCodec.createException(W3CHttpResponseCodec.java:187)at org.openqa.selenium.remote.http.W3CHttpResponseCodec.decode(W3CHttpResponseCodec.java:122)at org.openqa.selenium.remote.http.W3CHttpResponseCodec.decode(W3CHttpResponseCodec.java:49)at org.openqa.selenium.remote.HttpCommandExecutor.execute(HttpCommandExecutor.java:164)at org.openqa.selenium.remote.service.DriverCommandExecutor.execute(DriverCommandExecutor.java:83)at org.openqa.selenium.remote.RemoteWebDriver.execute(RemoteWebDriver.java:600)at org.openqa.selenium.remote.RemoteWebDriver.findElement(RemoteWebDriver.java:370)at org.openqa.selenium.remote.RemoteWebDriver.findElementByXPath(RemoteWebDriver.java:472)at org.openqa.selenium.By$ByXPath.findElement(By.java:361)at org.openqa.selenium.remote.RemoteWebDriver.findElement(RemoteWebDriver.java:362)at pageObjects.LogInPage.validationmsg(LogInPage.java:34)at appModules.LogIn_Action.Execute(LogIn_Action.java:34)at testCases.TC_Ward_RoundSheet_AdvSearch.beforeMethod(TC_Ward_RoundSheet_AdvSearch.java:54)... Removed 32 stack frames]]>
    </failure>
  </testcase> <!-- @BeforeMethod beforeMethod -->
  <testcase classname="testCases.TC_Ward_RoundSheet_AdvSearch" name="@AfterMethod afterMethod" time="0.0">
    <skipped/>
  </testcase> <!-- @AfterMethod afterMethod -->
  <testcase classname="testCases.TC_Nurse_Handover_AddNewRecord" name="@BeforeMethod beforeMethod" time="16.788">
    <failure type="org.openqa.selenium.NoSuchElementException" message="Unable to locate element: /html/body/table/tbody/tr/td/table[2]/tbody/tr/td/table/tbody/tr/td/form/table/tbody/tr[2]/td/div/table/tbody/tr[7]/td/font
For documentation on this error, please visit: http://seleniumhq.org/exceptions/no_such_element.html
Build info: version: &amp;apos;3.7.1&amp;apos;, revision: &amp;apos;8a0099a&amp;apos;, time: &amp;apos;2017-11-06T21:07:31.527Z&amp;apos;
System info: host: &amp;apos;MININT-1GJHRA7&amp;apos;, ip: &amp;apos;192.168.0.14&amp;apos;, os.name: &amp;apos;Windows 7&amp;apos;, os.arch: &amp;apos;amd64&amp;apos;, os.version: &amp;apos;6.1&amp;apos;, java.version: &amp;apos;9.0.1&amp;apos;
Driver info: org.openqa.selenium.firefox.FirefoxDriver
Capabilities {acceptInsecureCerts: true, browserName: firefox, browserVersion: 54.0, javascriptEnabled: true, moz:accessibilityChecks: false, moz:processID: 16700, moz:profile: C:\Users\nx35wg\AppData\Loc..., pageLoadStrategy: normal, platform: XP, platformName: XP, platformVersion: 6.1, rotatable: false, specificationLevel: 0, timeouts: {implicit: 0, pageLoad: 300000, script: 30000}}
Session ID: 4719d87a-e117-4f75-a7a2-2c51d450d199
*** Element info: {Using=xpath, value=/html/body/table/tbody/tr/td/table[2]/tbody/tr/td/table/tbody/tr/td/form/table/tbody/tr[2]/td/div/table/tbody/tr[7]/td/font}">
      <![CDATA[org.openqa.selenium.NoSuchElementException: Unable to locate element: /html/body/table/tbody/tr/td/table[2]/tbody/tr/td/table/tbody/tr/td/form/table/tbody/tr[2]/td/div/table/tbody/tr[7]/td/fontFor documentation on this error, please visit: http://seleniumhq.org/exceptions/no_such_element.htmlBuild info: version: '3.7.1', revision: '8a0099a', time: '2017-11-06T21:07:31.527Z'System info: host: 'MININT-1GJHRA7', ip: '192.168.0.14', os.name: 'Windows 7', os.arch: 'amd64', os.version: '6.1', java.version: '9.0.1'Driver info: org.openqa.selenium.firefox.FirefoxDriverCapabilities {acceptInsecureCerts: true, browserName: firefox, browserVersion: 54.0, javascriptEnabled: true, moz:accessibilityChecks: false, moz:processID: 16700, moz:profile: C:\Users\nx35wg\AppData\Loc..., pageLoadStrategy: normal, platform: XP, platformName: XP, platformVersion: 6.1, rotatable: false, specificationLevel: 0, timeouts: {implicit: 0, pageLoad: 300000, script: 30000}}Session ID: 4719d87a-e117-4f75-a7a2-2c51d450d199*** Element info: {Using=xpath, value=/html/body/table/tbody/tr/td/table[2]/tbody/tr/td/table/tbody/tr/td/form/table/tbody/tr[2]/td/div/table/tbody/tr[7]/td/font}at org.openqa.selenium.remote.http.W3CHttpResponseCodec.createException(W3CHttpResponseCodec.java:187)at org.openqa.selenium.remote.http.W3CHttpResponseCodec.decode(W3CHttpResponseCodec.java:122)at org.openqa.selenium.remote.http.W3CHttpResponseCodec.decode(W3CHttpResponseCodec.java:49)at org.openqa.selenium.remote.HttpCommandExecutor.execute(HttpCommandExecutor.java:164)at org.openqa.selenium.remote.service.DriverCommandExecutor.execute(DriverCommandExecutor.java:83)at org.openqa.selenium.remote.RemoteWebDriver.execute(RemoteWebDriver.java:600)at org.openqa.selenium.remote.RemoteWebDriver.findElement(RemoteWebDriver.java:370)at org.openqa.selenium.remote.RemoteWebDriver.findElementByXPath(RemoteWebDriver.java:472)at org.openqa.selenium.By$ByXPath.findElement(By.java:361)at org.openqa.selenium.remote.RemoteWebDriver.findElement(RemoteWebDriver.java:362)at pageObjects.LogInPage.validationmsg(LogInPage.java:34)at appModules.LogIn_Action.Execute(LogIn_Action.java:34)at testCases.TC_Nurse_Handover_AddNewRecord.beforeMethod(TC_Nurse_Handover_AddNewRecord.java:91)... Removed 31 stack frames]]>
    </failure>
  </testcase> <!-- @BeforeMethod beforeMethod -->
  <testcase classname="testCases.TC_Nurse_Handover_AddNewRecord" name="@AfterMethod afterMethod" time="0.0">
    <skipped/>
  </testcase> <!-- @AfterMethod afterMethod -->
  <testcase classname="testCases.TC_Ward_RoundSheet_Print" name="@BeforeMethod beforeMethod" time="17.626">
    <failure type="org.openqa.selenium.NoSuchElementException" message="Unable to locate element: /html/body/table/tbody/tr/td/table[2]/tbody/tr/td/table/tbody/tr/td/form/table/tbody/tr[2]/td/div/table/tbody/tr[7]/td/font
For documentation on this error, please visit: http://seleniumhq.org/exceptions/no_such_element.html
Build info: version: &amp;apos;3.7.1&amp;apos;, revision: &amp;apos;8a0099a&amp;apos;, time: &amp;apos;2017-11-06T21:07:31.527Z&amp;apos;
System info: host: &amp;apos;MININT-1GJHRA7&amp;apos;, ip: &amp;apos;192.168.0.14&amp;apos;, os.name: &amp;apos;Windows 7&amp;apos;, os.arch: &amp;apos;amd64&amp;apos;, os.version: &amp;apos;6.1&amp;apos;, java.version: &amp;apos;9.0.1&amp;apos;
Driver info: org.openqa.selenium.firefox.FirefoxDriver
Capabilities {acceptInsecureCerts: true, browserName: firefox, browserVersion: 54.0, javascriptEnabled: true, moz:accessibilityChecks: false, moz:processID: 17420, moz:profile: C:\Users\nx35wg\AppData\Loc..., pageLoadStrategy: normal, platform: XP, platformName: XP, platformVersion: 6.1, rotatable: false, specificationLevel: 0, timeouts: {implicit: 0, pageLoad: 300000, script: 30000}}
Session ID: 4ddb8145-ba50-4232-a64e-ff7477019cf7
*** Element info: {Using=xpath, value=/html/body/table/tbody/tr/td/table[2]/tbody/tr/td/table/tbody/tr/td/form/table/tbody/tr[2]/td/div/table/tbody/tr[7]/td/font}">
      <![CDATA[org.openqa.selenium.NoSuchElementException: Unable to locate element: /html/body/table/tbody/tr/td/table[2]/tbody/tr/td/table/tbody/tr/td/form/table/tbody/tr[2]/td/div/table/tbody/tr[7]/td/fontFor documentation on this error, please visit: http://seleniumhq.org/exceptions/no_such_element.htmlBuild info: version: '3.7.1', revision: '8a0099a', time: '2017-11-06T21:07:31.527Z'System info: host: 'MININT-1GJHRA7', ip: '192.168.0.14', os.name: 'Windows 7', os.arch: 'amd64', os.version: '6.1', java.version: '9.0.1'Driver info: org.openqa.selenium.firefox.FirefoxDriverCapabilities {acceptInsecureCerts: true, browserName: firefox, browserVersion: 54.0, javascriptEnabled: true, moz:accessibilityChecks: false, moz:processID: 17420, moz:profile: C:\Users\nx35wg\AppData\Loc..., pageLoadStrategy: normal, platform: XP, platformName: XP, platformVersion: 6.1, rotatable: false, specificationLevel: 0, timeouts: {implicit: 0, pageLoad: 300000, script: 30000}}Session ID: 4ddb8145-ba50-4232-a64e-ff7477019cf7*** Element info: {Using=xpath, value=/html/body/table/tbody/tr/td/table[2]/tbody/tr/td/table/tbody/tr/td/form/table/tbody/tr[2]/td/div/table/tbody/tr[7]/td/font}at org.openqa.selenium.remote.http.W3CHttpResponseCodec.createException(W3CHttpResponseCodec.java:187)at org.openqa.selenium.remote.http.W3CHttpResponseCodec.decode(W3CHttpResponseCodec.java:122)at org.openqa.selenium.remote.http.W3CHttpResponseCodec.decode(W3CHttpResponseCodec.java:49)at org.openqa.selenium.remote.HttpCommandExecutor.execute(HttpCommandExecutor.java:164)at org.openqa.selenium.remote.service.DriverCommandExecutor.execute(DriverCommandExecutor.java:83)at org.openqa.selenium.remote.RemoteWebDriver.execute(RemoteWebDriver.java:600)at org.openqa.selenium.remote.RemoteWebDriver.findElement(RemoteWebDriver.java:370)at org.openqa.selenium.remote.RemoteWebDriver.findElementByXPath(RemoteWebDriver.java:472)at org.openqa.selenium.By$ByXPath.findElement(By.java:361)at org.openqa.selenium.remote.RemoteWebDriver.findElement(RemoteWebDriver.java:362)at pageObjects.LogInPage.validationmsg(LogInPage.java:34)at appModules.LogIn_Action.Execute(LogIn_Action.java:34)at testCases.TC_Ward_RoundSheet_Print.beforeMethod(TC_Ward_RoundSheet_Print.java:50)... Removed 31 stack frames]]>
    </failure>
  </testcase> <!-- @BeforeMethod beforeMethod -->
  <testcase classname="testCases.TC_Ward_RoundSheet_Print" name="@AfterMethod afterMethod" time="0.0">
    <skipped/>
  </testcase> <!-- @AfterMethod afterMethod -->
  <testcase classname="testCases.TC_Nurse_Handover_AddNewRecordReset" name="@BeforeMethod beforeMethod" time="20.555">
    <failure type="org.openqa.selenium.NoSuchElementException" message="Unable to locate element: /html/body/table/tbody/tr/td/table[2]/tbody/tr/td/table/tbody/tr/td/form/table/tbody/tr[2]/td/div/table/tbody/tr[7]/td/font
For documentation on this error, please visit: http://seleniumhq.org/exceptions/no_such_element.html
Build info: version: &amp;apos;3.7.1&amp;apos;, revision: &amp;apos;8a0099a&amp;apos;, time: &amp;apos;2017-11-06T21:07:31.527Z&amp;apos;
System info: host: &amp;apos;MININT-1GJHRA7&amp;apos;, ip: &amp;apos;192.168.0.14&amp;apos;, os.name: &amp;apos;Windows 7&amp;apos;, os.arch: &amp;apos;amd64&amp;apos;, os.version: &amp;apos;6.1&amp;apos;, java.version: &amp;apos;9.0.1&amp;apos;
Driver info: org.openqa.selenium.firefox.FirefoxDriver
Capabilities {acceptInsecureCerts: true, browserName: firefox, browserVersion: 54.0, javascriptEnabled: true, moz:accessibilityChecks: false, moz:processID: 18200, moz:profile: C:\Users\nx35wg\AppData\Loc..., pageLoadStrategy: normal, platform: XP, platformName: XP, platformVersion: 6.1, rotatable: false, specificationLevel: 0, timeouts: {implicit: 0, pageLoad: 300000, script: 30000}}
Session ID: bc253dfc-1530-4a90-94b8-5db0a9050496
*** Element info: {Using=xpath, value=/html/body/table/tbody/tr/td/table[2]/tbody/tr/td/table/tbody/tr/td/form/table/tbody/tr[2]/td/div/table/tbody/tr[7]/td/font}">
      <![CDATA[org.openqa.selenium.NoSuchElementException: Unable to locate element: /html/body/table/tbody/tr/td/table[2]/tbody/tr/td/table/tbody/tr/td/form/table/tbody/tr[2]/td/div/table/tbody/tr[7]/td/fontFor documentation on this error, please visit: http://seleniumhq.org/exceptions/no_such_element.htmlBuild info: version: '3.7.1', revision: '8a0099a', time: '2017-11-06T21:07:31.527Z'System info: host: 'MININT-1GJHRA7', ip: '192.168.0.14', os.name: 'Windows 7', os.arch: 'amd64', os.version: '6.1', java.version: '9.0.1'Driver info: org.openqa.selenium.firefox.FirefoxDriverCapabilities {acceptInsecureCerts: true, browserName: firefox, browserVersion: 54.0, javascriptEnabled: true, moz:accessibilityChecks: false, moz:processID: 18200, moz:profile: C:\Users\nx35wg\AppData\Loc..., pageLoadStrategy: normal, platform: XP, platformName: XP, platformVersion: 6.1, rotatable: false, specificationLevel: 0, timeouts: {implicit: 0, pageLoad: 300000, script: 30000}}Session ID: bc253dfc-1530-4a90-94b8-5db0a9050496*** Element info: {Using=xpath, value=/html/body/table/tbody/tr/td/table[2]/tbody/tr/td/table/tbody/tr/td/form/table/tbody/tr[2]/td/div/table/tbody/tr[7]/td/font}at org.openqa.selenium.remote.http.W3CHttpResponseCodec.createException(W3CHttpResponseCodec.java:187)at org.openqa.selenium.remote.http.W3CHttpResponseCodec.decode(W3CHttpResponseCodec.java:122)at org.openqa.selenium.remote.http.W3CHttpResponseCodec.decode(W3CHttpResponseCodec.java:49)at org.openqa.selenium.remote.HttpCommandExecutor.execute(HttpCommandExecutor.java:164)at org.openqa.selenium.remote.service.DriverCommandExecutor.execute(DriverCommandExecutor.java:83)at org.openqa.selenium.remote.RemoteWebDriver.execute(RemoteWebDriver.java:600)at org.openqa.selenium.remote.RemoteWebDriver.findElement(RemoteWebDriver.java:370)at org.openqa.selenium.remote.RemoteWebDriver.findElementByXPath(RemoteWebDriver.java:472)at org.openqa.selenium.By$ByXPath.findElement(By.java:361)at org.openqa.selenium.remote.RemoteWebDriver.findElement(RemoteWebDriver.java:362)at pageObjects.LogInPage.validationmsg(LogInPage.java:34)at appModules.LogIn_Action.Execute(LogIn_Action.java:34)at testCases.TC_Nurse_Handover_AddNewRecordReset.beforeMethod(TC_Nurse_Handover_AddNewRecordReset.java:91)... Removed 31 stack frames]]>
    </failure>
  </testcase> <!-- @BeforeMethod beforeMethod -->
  <testcase classname="testCases.TC_Nurse_Handover_AddNewRecordReset" name="@AfterMethod afterMethod" time="0.0">
    <skipped/>
  </testcase> <!-- @AfterMethod afterMethod -->
  <testcase classname="testCases.TC_Jobs_List_AddNewRecord_Consultant" name="@BeforeMethod beforeMethod" time="16.024">
    <failure type="org.openqa.selenium.NoSuchElementException" message="Unable to locate element: /html/body/table/tbody/tr/td/table[2]/tbody/tr/td/table/tbody/tr/td/form/table/tbody/tr[2]/td/div/table/tbody/tr[7]/td/font
For documentation on this error, please visit: http://seleniumhq.org/exceptions/no_such_element.html
Build info: version: &amp;apos;3.7.1&amp;apos;, revision: &amp;apos;8a0099a&amp;apos;, time: &amp;apos;2017-11-06T21:07:31.527Z&amp;apos;
System info: host: &amp;apos;MININT-1GJHRA7&amp;apos;, ip: &amp;apos;192.168.0.14&amp;apos;, os.name: &amp;apos;Windows 7&amp;apos;, os.arch: &amp;apos;amd64&amp;apos;, os.version: &amp;apos;6.1&amp;apos;, java.version: &amp;apos;9.0.1&amp;apos;
Driver info: org.openqa.selenium.firefox.FirefoxDriver
Capabilities {acceptInsecureCerts: true, browserName: firefox, browserVersion: 54.0, javascriptEnabled: true, moz:accessibilityChecks: false, moz:processID: 18380, moz:profile: C:\Users\nx35wg\AppData\Loc..., pageLoadStrategy: normal, platform: XP, platformName: XP, platformVersion: 6.1, rotatable: false, specificationLevel: 0, timeouts: {implicit: 0, pageLoad: 300000, script: 30000}}
Session ID: 05f54dfe-2273-43a3-80c9-961bd535e12b
*** Element info: {Using=xpath, value=/html/body/table/tbody/tr/td/table[2]/tbody/tr/td/table/tbody/tr/td/form/table/tbody/tr[2]/td/div/table/tbody/tr[7]/td/font}">
      <![CDATA[org.openqa.selenium.NoSuchElementException: Unable to locate element: /html/body/table/tbody/tr/td/table[2]/tbody/tr/td/table/tbody/tr/td/form/table/tbody/tr[2]/td/div/table/tbody/tr[7]/td/fontFor documentation on this error, please visit: http://seleniumhq.org/exceptions/no_such_element.htmlBuild info: version: '3.7.1', revision: '8a0099a', time: '2017-11-06T21:07:31.527Z'System info: host: 'MININT-1GJHRA7', ip: '192.168.0.14', os.name: 'Windows 7', os.arch: 'amd64', os.version: '6.1', java.version: '9.0.1'Driver info: org.openqa.selenium.firefox.FirefoxDriverCapabilities {acceptInsecureCerts: true, browserName: firefox, browserVersion: 54.0, javascriptEnabled: true, moz:accessibilityChecks: false, moz:processID: 18380, moz:profile: C:\Users\nx35wg\AppData\Loc..., pageLoadStrategy: normal, platform: XP, platformName: XP, platformVersion: 6.1, rotatable: false, specificationLevel: 0, timeouts: {implicit: 0, pageLoad: 300000, script: 30000}}Session ID: 05f54dfe-2273-43a3-80c9-961bd535e12b*** Element info: {Using=xpath, value=/html/body/table/tbody/tr/td/table[2]/tbody/tr/td/table/tbody/tr/td/form/table/tbody/tr[2]/td/div/table/tbody/tr[7]/td/font}at org.openqa.selenium.remote.http.W3CHttpResponseCodec.createException(W3CHttpResponseCodec.java:187)at org.openqa.selenium.remote.http.W3CHttpResponseCodec.decode(W3CHttpResponseCodec.java:122)at org.openqa.selenium.remote.http.W3CHttpResponseCodec.decode(W3CHttpResponseCodec.java:49)at org.openqa.selenium.remote.HttpCommandExecutor.execute(HttpCommandExecutor.java:164)at org.openqa.selenium.remote.service.DriverCommandExecutor.execute(DriverCommandExecutor.java:83)at org.openqa.selenium.remote.RemoteWebDriver.execute(RemoteWebDriver.java:600)at org.openqa.selenium.remote.RemoteWebDriver.findElement(RemoteWebDriver.java:370)at org.openqa.selenium.remote.RemoteWebDriver.findElementByXPath(RemoteWebDriver.java:472)at org.openqa.selenium.By$ByXPath.findElement(By.java:361)at org.openqa.selenium.remote.RemoteWebDriver.findElement(RemoteWebDriver.java:362)at pageObjects.LogInPage.validationmsg(LogInPage.java:34)at appModules.LogIn_Action.Execute(LogIn_Action.java:34)at testCases.TC_Jobs_List_AddNewRecord_Consultant.beforeMethod(TC_Jobs_List_AddNewRecord_Consultant.java:89)... Removed 31 stack frames]]>
    </failure>
  </testcase> <!-- @BeforeMethod beforeMethod -->
  <testcase classname="testCases.TC_Jobs_List_AddNewRecord_Consultant" name="@AfterMethod afterMethod" time="0.0">
    <skipped/>
  </testcase> <!-- @AfterMethod afterMethod -->
  <testcase classname="testCases.TC_Ward_RoundSheet_RecordPerPage" name="@BeforeMethod beforeMethod" time="17.255">
    <failure type="org.openqa.selenium.NoSuchElementException" message="Unable to locate element: /html/body/table/tbody/tr/td/table[2]/tbody/tr/td/table/tbody/tr/td/form/table/tbody/tr[2]/td/div/table/tbody/tr[7]/td/font
For documentation on this error, please visit: http://seleniumhq.org/exceptions/no_such_element.html
Build info: version: &amp;apos;3.7.1&amp;apos;, revision: &amp;apos;8a0099a&amp;apos;, time: &amp;apos;2017-11-06T21:07:31.527Z&amp;apos;
System info: host: &amp;apos;MININT-1GJHRA7&amp;apos;, ip: &amp;apos;192.168.0.14&amp;apos;, os.name: &amp;apos;Windows 7&amp;apos;, os.arch: &amp;apos;amd64&amp;apos;, os.version: &amp;apos;6.1&amp;apos;, java.version: &amp;apos;9.0.1&amp;apos;
Driver info: org.openqa.selenium.firefox.FirefoxDriver
Capabilities {acceptInsecureCerts: true, browserName: firefox, browserVersion: 54.0, javascriptEnabled: true, moz:accessibilityChecks: false, moz:processID: 18644, moz:profile: C:\Users\nx35wg\AppData\Loc..., pageLoadStrategy: normal, platform: XP, platformName: XP, platformVersion: 6.1, rotatable: false, specificationLevel: 0, timeouts: {implicit: 0, pageLoad: 300000, script: 30000}}
Session ID: 5db2787f-2326-4804-a61a-cce1cc2b2aa3
*** Element info: {Using=xpath, value=/html/body/table/tbody/tr/td/table[2]/tbody/tr/td/table/tbody/tr/td/form/table/tbody/tr[2]/td/div/table/tbody/tr[7]/td/font}">
      <![CDATA[org.openqa.selenium.NoSuchElementException: Unable to locate element: /html/body/table/tbody/tr/td/table[2]/tbody/tr/td/table/tbody/tr/td/form/table/tbody/tr[2]/td/div/table/tbody/tr[7]/td/fontFor documentation on this error, please visit: http://seleniumhq.org/exceptions/no_such_element.htmlBuild info: version: '3.7.1', revision: '8a0099a', time: '2017-11-06T21:07:31.527Z'System info: host: 'MININT-1GJHRA7', ip: '192.168.0.14', os.name: 'Windows 7', os.arch: 'amd64', os.version: '6.1', java.version: '9.0.1'Driver info: org.openqa.selenium.firefox.FirefoxDriverCapabilities {acceptInsecureCerts: true, browserName: firefox, browserVersion: 54.0, javascriptEnabled: true, moz:accessibilityChecks: false, moz:processID: 18644, moz:profile: C:\Users\nx35wg\AppData\Loc..., pageLoadStrategy: normal, platform: XP, platformName: XP, platformVersion: 6.1, rotatable: false, specificationLevel: 0, timeouts: {implicit: 0, pageLoad: 300000, script: 30000}}Session ID: 5db2787f-2326-4804-a61a-cce1cc2b2aa3*** Element info: {Using=xpath, value=/html/body/table/tbody/tr/td/table[2]/tbody/tr/td/table/tbody/tr/td/form/table/tbody/tr[2]/td/div/table/tbody/tr[7]/td/font}at org.openqa.selenium.remote.http.W3CHttpResponseCodec.createException(W3CHttpResponseCodec.java:187)at org.openqa.selenium.remote.http.W3CHttpResponseCodec.decode(W3CHttpResponseCodec.java:122)at org.openqa.selenium.remote.http.W3CHttpResponseCodec.decode(W3CHttpResponseCodec.java:49)at org.openqa.selenium.remote.HttpCommandExecutor.execute(HttpCommandExecutor.java:164)at org.openqa.selenium.remote.service.DriverCommandExecutor.execute(DriverCommandExecutor.java:83)at org.openqa.selenium.remote.RemoteWebDriver.execute(RemoteWebDriver.java:600)at org.openqa.selenium.remote.RemoteWebDriver.findElement(RemoteWebDriver.java:370)at org.openqa.selenium.remote.RemoteWebDriver.findElementByXPath(RemoteWebDriver.java:472)at org.openqa.selenium.By$ByXPath.findElement(By.java:361)at org.openqa.selenium.remote.RemoteWebDriver.findElement(RemoteWebDriver.java:362)at pageObjects.LogInPage.validationmsg(LogInPage.java:34)at appModules.LogIn_Action.Execute(LogIn_Action.java:34)at testCases.TC_Ward_RoundSheet_RecordPerPage.beforeMethod(TC_Ward_RoundSheet_RecordPerPage.java:67)... Removed 31 stack frames]]>
    </failure>
  </testcase> <!-- @BeforeMethod beforeMethod -->
  <testcase classname="testCases.TC_Ward_RoundSheet_RecordPerPage" name="@AfterMethod afterMethod" time="0.0">
    <skipped/>
  </testcase> <!-- @AfterMethod afterMethod -->
  <testcase classname="testCases.TC_Jobs_List_AddNew_Back" name="@BeforeMethod beforeMethod" time="17.087">
    <failure type="org.openqa.selenium.NoSuchElementException" message="Unable to locate element: /html/body/table/tbody/tr/td/table[2]/tbody/tr/td/table/tbody/tr/td/form/table/tbody/tr[2]/td/div/table/tbody/tr[7]/td/font
For documentation on this error, please visit: http://seleniumhq.org/exceptions/no_such_element.html
Build info: version: &amp;apos;3.7.1&amp;apos;, revision: &amp;apos;8a0099a&amp;apos;, time: &amp;apos;2017-11-06T21:07:31.527Z&amp;apos;
System info: host: &amp;apos;MININT-1GJHRA7&amp;apos;, ip: &amp;apos;192.168.0.14&amp;apos;, os.name: &amp;apos;Windows 7&amp;apos;, os.arch: &amp;apos;amd64&amp;apos;, os.version: &amp;apos;6.1&amp;apos;, java.version: &amp;apos;9.0.1&amp;apos;
Driver info: org.openqa.selenium.firefox.FirefoxDriver
Capabilities {acceptInsecureCerts: true, browserName: firefox, browserVersion: 54.0, javascriptEnabled: true, moz:accessibilityChecks: false, moz:processID: 19340, moz:profile: C:\Users\nx35wg\AppData\Loc..., pageLoadStrategy: normal, platform: XP, platformName: XP, platformVersion: 6.1, rotatable: false, specificationLevel: 0, timeouts: {implicit: 0, pageLoad: 300000, script: 30000}}
Session ID: 0201ff15-6a35-4be8-b44f-82231cc5a39b
*** Element info: {Using=xpath, value=/html/body/table/tbody/tr/td/table[2]/tbody/tr/td/table/tbody/tr/td/form/table/tbody/tr[2]/td/div/table/tbody/tr[7]/td/font}">
      <![CDATA[org.openqa.selenium.NoSuchElementException: Unable to locate element: /html/body/table/tbody/tr/td/table[2]/tbody/tr/td/table/tbody/tr/td/form/table/tbody/tr[2]/td/div/table/tbody/tr[7]/td/fontFor documentation on this error, please visit: http://seleniumhq.org/exceptions/no_such_element.htmlBuild info: version: '3.7.1', revision: '8a0099a', time: '2017-11-06T21:07:31.527Z'System info: host: 'MININT-1GJHRA7', ip: '192.168.0.14', os.name: 'Windows 7', os.arch: 'amd64', os.version: '6.1', java.version: '9.0.1'Driver info: org.openqa.selenium.firefox.FirefoxDriverCapabilities {acceptInsecureCerts: true, browserName: firefox, browserVersion: 54.0, javascriptEnabled: true, moz:accessibilityChecks: false, moz:processID: 19340, moz:profile: C:\Users\nx35wg\AppData\Loc..., pageLoadStrategy: normal, platform: XP, platformName: XP, platformVersion: 6.1, rotatable: false, specificationLevel: 0, timeouts: {implicit: 0, pageLoad: 300000, script: 30000}}Session ID: 0201ff15-6a35-4be8-b44f-82231cc5a39b*** Element info: {Using=xpath, value=/html/body/table/tbody/tr/td/table[2]/tbody/tr/td/table/tbody/tr/td/form/table/tbody/tr[2]/td/div/table/tbody/tr[7]/td/font}at org.openqa.selenium.remote.http.W3CHttpResponseCodec.createException(W3CHttpResponseCodec.java:187)at org.openqa.selenium.remote.http.W3CHttpResponseCodec.decode(W3CHttpResponseCodec.java:122)at org.openqa.selenium.remote.http.W3CHttpResponseCodec.decode(W3CHttpResponseCodec.java:49)at org.openqa.selenium.remote.HttpCommandExecutor.execute(HttpCommandExecutor.java:164)at org.openqa.selenium.remote.service.DriverCommandExecutor.execute(DriverCommandExecutor.java:83)at org.openqa.selenium.remote.RemoteWebDriver.execute(RemoteWebDriver.java:600)at org.openqa.selenium.remote.RemoteWebDriver.findElement(RemoteWebDriver.java:370)at org.openqa.selenium.remote.RemoteWebDriver.findElementByXPath(RemoteWebDriver.java:472)at org.openqa.selenium.By$ByXPath.findElement(By.java:361)at org.openqa.selenium.remote.RemoteWebDriver.findElement(RemoteWebDriver.java:362)at pageObjects.LogInPage.validationmsg(LogInPage.java:34)at appModules.LogIn_Action.Execute(LogIn_Action.java:34)at testCases.TC_Jobs_List_AddNew_Back.beforeMethod(TC_Jobs_List_AddNew_Back.java:39)... Removed 31 stack frames]]>
    </failure>
  </testcase> <!-- @BeforeMethod beforeMethod -->
  <testcase classname="testCases.TC_Jobs_List_AddNew_Back" name="@AfterMethod afterMethod" time="0.0">
    <skipped/>
  </testcase> <!-- @AfterMethod afterMethod -->
  <testcase classname="testCases.TC_Ward_RoundSheet_SortFunctionality" name="@BeforeMethod beforeMethod" time="21.081">
    <failure type="org.openqa.selenium.NoSuchElementException" message="Unable to locate element: /html/body/table/tbody/tr/td/table[2]/tbody/tr/td/table/tbody/tr/td/form/table/tbody/tr[2]/td/div/table/tbody/tr[7]/td/font
For documentation on this error, please visit: http://seleniumhq.org/exceptions/no_such_element.html
Build info: version: &amp;apos;3.7.1&amp;apos;, revision: &amp;apos;8a0099a&amp;apos;, time: &amp;apos;2017-11-06T21:07:31.527Z&amp;apos;
System info: host: &amp;apos;MININT-1GJHRA7&amp;apos;, ip: &amp;apos;192.168.0.14&amp;apos;, os.name: &amp;apos;Windows 7&amp;apos;, os.arch: &amp;apos;amd64&amp;apos;, os.version: &amp;apos;6.1&amp;apos;, java.version: &amp;apos;9.0.1&amp;apos;
Driver info: org.openqa.selenium.firefox.FirefoxDriver
Capabilities {acceptInsecureCerts: true, browserName: firefox, browserVersion: 54.0, javascriptEnabled: true, moz:accessibilityChecks: false, moz:processID: 18500, moz:profile: C:\Users\nx35wg\AppData\Loc..., pageLoadStrategy: normal, platform: XP, platformName: XP, platformVersion: 6.1, rotatable: false, specificationLevel: 0, timeouts: {implicit: 0, pageLoad: 300000, script: 30000}}
Session ID: f9f3f4b7-04a6-4bec-b5be-6e0c1c3e0bf8
*** Element info: {Using=xpath, value=/html/body/table/tbody/tr/td/table[2]/tbody/tr/td/table/tbody/tr/td/form/table/tbody/tr[2]/td/div/table/tbody/tr[7]/td/font}">
      <![CDATA[org.openqa.selenium.NoSuchElementException: Unable to locate element: /html/body/table/tbody/tr/td/table[2]/tbody/tr/td/table/tbody/tr/td/form/table/tbody/tr[2]/td/div/table/tbody/tr[7]/td/fontFor documentation on this error, please visit: http://seleniumhq.org/exceptions/no_such_element.htmlBuild info: version: '3.7.1', revision: '8a0099a', time: '2017-11-06T21:07:31.527Z'System info: host: 'MININT-1GJHRA7', ip: '192.168.0.14', os.name: 'Windows 7', os.arch: 'amd64', os.version: '6.1', java.version: '9.0.1'Driver info: org.openqa.selenium.firefox.FirefoxDriverCapabilities {acceptInsecureCerts: true, browserName: firefox, browserVersion: 54.0, javascriptEnabled: true, moz:accessibilityChecks: false, moz:processID: 18500, moz:profile: C:\Users\nx35wg\AppData\Loc..., pageLoadStrategy: normal, platform: XP, platformName: XP, platformVersion: 6.1, rotatable: false, specificationLevel: 0, timeouts: {implicit: 0, pageLoad: 300000, script: 30000}}Session ID: f9f3f4b7-04a6-4bec-b5be-6e0c1c3e0bf8*** Element info: {Using=xpath, value=/html/body/table/tbody/tr/td/table[2]/tbody/tr/td/table/tbody/tr/td/form/table/tbody/tr[2]/td/div/table/tbody/tr[7]/td/font}at org.openqa.selenium.remote.http.W3CHttpResponseCodec.createException(W3CHttpResponseCodec.java:187)at org.openqa.selenium.remote.http.W3CHttpResponseCodec.decode(W3CHttpResponseCodec.java:122)at org.openqa.selenium.remote.http.W3CHttpResponseCodec.decode(W3CHttpResponseCodec.java:49)at org.openqa.selenium.remote.HttpCommandExecutor.execute(HttpCommandExecutor.java:164)at org.openqa.selenium.remote.service.DriverCommandExecutor.execute(DriverCommandExecutor.java:83)at org.openqa.selenium.remote.RemoteWebDriver.execute(RemoteWebDriver.java:600)at org.openqa.selenium.remote.RemoteWebDriver.findElement(RemoteWebDriver.java:370)at org.openqa.selenium.remote.RemoteWebDriver.findElementByXPath(RemoteWebDriver.java:472)at org.openqa.selenium.By$ByXPath.findElement(By.java:361)at org.openqa.selenium.remote.RemoteWebDriver.findElement(RemoteWebDriver.java:362)at pageObjects.LogInPage.validationmsg(LogInPage.java:34)at appModules.LogIn_Action.Execute(LogIn_Action.java:34)at testCases.TC_Ward_RoundSheet_SortFunctionality.beforeMethod(TC_Ward_RoundSheet_SortFunctionality.java:57)... Removed 31 stack frames]]>
    </failure>
  </testcase> <!-- @BeforeMethod beforeMethod -->
  <testcase classname="testCases.TC_Ward_RoundSheet_SortFunctionality" name="@AfterMethod afterMethod" time="0.0">
    <skipped/>
  </testcase> <!-- @AfterMethod afterMethod -->
  <testcase classname="testCases.TC_Jobs_List_SortFunctionality" name="f" time="0.0">
    <skipped/>
  </testcase> <!-- f -->
  <testcase classname="testCases.TC_Nurse_Handover_AdvSearch" name="f" time="0.0">
    <skipped/>
  </testcase> <!-- f -->
  <testcase classname="testCases.TC_Jobs_List_RecordPerPage" name="f" time="0.0">
    <skipped/>
  </testcase> <!-- f -->
  <testcase classname="testCases.TC_Jobs_List_Edit_Back_Change" name="f" time="0.0">
    <skipped/>
  </testcase> <!-- f -->
  <testcase classname="testCases.TC_Jobs_List_Print" name="f" time="0.0">
    <skipped/>
  </testcase> <!-- f -->
  <testcase classname="testCases.TC_Jobs_List_View_Back" name="f" time="0.0">
    <skipped/>
  </testcase> <!-- f -->
  <testcase classname="testCases.TC_Jobs_List_Select_Unselect" name="f" time="0.0">
    <skipped/>
  </testcase> <!-- f -->
  <testcase classname="testCases.TC_Nurse_Handover_SortFunctionality" name="f" time="0.0">
    <skipped/>
  </testcase> <!-- f -->
  <testcase classname="testCases.TC_Nurse_Handover_RecordPerPage" name="f" time="0.0">
    <skipped/>
  </testcase> <!-- f -->
  <testcase classname="testCases.TC_Nurse_Handover_AddNew_Back" name="f" time="0.0">
    <skipped/>
  </testcase> <!-- f -->
  <testcase classname="testCases.TC_Jobs_List_AddNewRecord" name="f" time="0.0">
    <skipped/>
  </testcase> <!-- f -->
  <testcase classname="testCases.TC_Jobs_List_AdvSearch" name="f" time="10.745">
    <failure type="org.openqa.selenium.NoSuchElementException" message="Unable to locate element: html/body/table[1]/tbody/tr/td[4]/table/tbody/tr/td[6]/a
For documentation on this error, please visit: http://seleniumhq.org/exceptions/no_such_element.html
Build info: version: &amp;apos;3.7.1&amp;apos;, revision: &amp;apos;8a0099a&amp;apos;, time: &amp;apos;2017-11-06T21:07:31.527Z&amp;apos;
System info: host: &amp;apos;MININT-1GJHRA7&amp;apos;, ip: &amp;apos;192.168.0.14&amp;apos;, os.name: &amp;apos;Windows 7&amp;apos;, os.arch: &amp;apos;amd64&amp;apos;, os.version: &amp;apos;6.1&amp;apos;, java.version: &amp;apos;9.0.1&amp;apos;
Driver info: org.openqa.selenium.firefox.FirefoxDriver
Capabilities {acceptInsecureCerts: true, browserName: firefox, browserVersion: 54.0, javascriptEnabled: true, moz:accessibilityChecks: false, moz:processID: 15904, moz:profile: C:\Users\nx35wg\AppData\Loc..., pageLoadStrategy: normal, platform: XP, platformName: XP, platformVersion: 6.1, rotatable: false, specificationLevel: 0, timeouts: {implicit: 0, pageLoad: 300000, script: 30000}}
Session ID: 5730090b-04ad-4ba4-9de5-338630654277
*** Element info: {Using=xpath, value=html/body/table[1]/tbody/tr/td[4]/table/tbody/tr/td[6]/a}">
      <![CDATA[org.openqa.selenium.NoSuchElementException: Unable to locate element: html/body/table[1]/tbody/tr/td[4]/table/tbody/tr/td[6]/aFor documentation on this error, please visit: http://seleniumhq.org/exceptions/no_such_element.htmlBuild info: version: '3.7.1', revision: '8a0099a', time: '2017-11-06T21:07:31.527Z'System info: host: 'MININT-1GJHRA7', ip: '192.168.0.14', os.name: 'Windows 7', os.arch: 'amd64', os.version: '6.1', java.version: '9.0.1'Driver info: org.openqa.selenium.firefox.FirefoxDriverCapabilities {acceptInsecureCerts: true, browserName: firefox, browserVersion: 54.0, javascriptEnabled: true, moz:accessibilityChecks: false, moz:processID: 15904, moz:profile: C:\Users\nx35wg\AppData\Loc..., pageLoadStrategy: normal, platform: XP, platformName: XP, platformVersion: 6.1, rotatable: false, specificationLevel: 0, timeouts: {implicit: 0, pageLoad: 300000, script: 30000}}Session ID: 5730090b-04ad-4ba4-9de5-338630654277*** Element info: {Using=xpath, value=html/body/table[1]/tbody/tr/td[4]/table/tbody/tr/td[6]/a}at org.openqa.selenium.remote.http.W3CHttpResponseCodec.createException(W3CHttpResponseCodec.java:187)at org.openqa.selenium.remote.http.W3CHttpResponseCodec.decode(W3CHttpResponseCodec.java:122)at org.openqa.selenium.remote.http.W3CHttpResponseCodec.decode(W3CHttpResponseCodec.java:49)at org.openqa.selenium.remote.HttpCommandExecutor.execute(HttpCommandExecutor.java:164)at org.openqa.selenium.remote.service.DriverCommandExecutor.execute(DriverCommandExecutor.java:83)at org.openqa.selenium.remote.RemoteWebDriver.execute(RemoteWebDriver.java:600)at org.openqa.selenium.remote.RemoteWebDriver.findElement(RemoteWebDriver.java:370)at org.openqa.selenium.remote.RemoteWebDriver.findElementByXPath(RemoteWebDriver.java:472)at org.openqa.selenium.By$ByXPath.findElement(By.java:361)at org.openqa.selenium.remote.RemoteWebDriver.findElement(RemoteWebDriver.java:362)at pageObjects.JobsListPage.Adv_Search(JobsListPage.java:41)at testCases.TC_Jobs_List_AdvSearch.f(TC_Jobs_List_AdvSearch.java:32)... Removed 29 stack frames]]>
    </failure>
  </testcase> <!-- f -->
  <testcase classname="testCases.TC_Doctor_Handover_AdvSearch" name="f" time="0.0">
    <skipped/>
  </testcase> <!-- f -->
  <testcase classname="testCases.TC_Nurse_Handover_View_Back" name="f" time="0.0">
    <skipped/>
  </testcase> <!-- f -->
  <testcase classname="testCases.TC_Nurse_Handover_Print" name="f" time="0.0">
    <skipped/>
  </testcase> <!-- f -->
  <testcase classname="testCases.TC_Ward_RoundSheet_AdvSearch" name="f" time="0.0">
    <skipped/>
  </testcase> <!-- f -->
  <testcase classname="testCases.TC_Nurse_Handover_AddNewRecord" name="f" time="0.0">
    <skipped/>
  </testcase> <!-- f -->
  <testcase classname="testCases.TC_Ward_RoundSheet_Print" name="f" time="0.0">
    <skipped/>
  </testcase> <!-- f -->
  <testcase classname="testCases.TC_Nurse_Handover_AddNewRecordReset" name="f" time="0.0">
    <skipped/>
  </testcase> <!-- f -->
  <testcase classname="testCases.TC_Jobs_List_AddNewRecord_Consultant" name="f" time="0.0">
    <skipped/>
  </testcase> <!-- f -->
  <testcase classname="testCases.TC_Ward_RoundSheet_RecordPerPage" name="f" time="0.0">
    <skipped/>
  </testcase> <!-- f -->
  <testcase classname="testCases.TC_Jobs_List_AddNew_Back" name="f" time="0.0">
    <skipped/>
  </testcase> <!-- f -->
  <testcase classname="testCases.TC_Ward_RoundSheet_SortFunctionality" name="f" time="0.0">
    <skipped/>
  </testcase> <!-- f -->
</testsuite> <!-- Test -->
